<?xml version="1.0" encoding="utf-8"?>
<test-run id="2" testcasecount="42" result="Passed" total="42" passed="42" failed="0" inconclusive="0" skipped="0" asserts="0" engine-version="3.5.0.0" clr-version="4.0.30319.42000" start-time="2026-09-08 17:44:35Z" end-time="2026-09-08 17:44:35Z" duration="0.060673">
  <test-suite type="TestSuite" id="1000" name="Vector Rush" fullname="Vector Rush" runstate="Runnable" testcasecount="42" result="Passed" start-time="2026-09-08 17:44:35Z" end-time="2026-09-08 17:44:35Z" duration="0.060673" total="42" passed="42" failed="0" inconclusive="0" skipped="0" asserts="0">
    <properties>
      <property name="platform" value="EditMode" />
    </properties>
    <test-suite type="Assembly" id="1059" name="VectorRush.EditorTests.dll" fullname="/Users/anping/Documents/Stuff/AI Space/Vector Rush/UnityProject/Library/ScriptAssemblies/VectorRush.EditorTests.dll" runstate="Runnable" testcasecount="42" result="Passed" start-time="2026-09-08 17:44:35Z" end-time="2026-09-08 17:44:35Z" duration="0.052065" total="42" passed="42" failed="0" inconclusive="0" skipped="0" asserts="0">
      <properties>
        <property name="_PID" value="87338" />
        <property name="_APPDOMAIN" value="Unity Child Domain" />
        <property name="platform" value="EditMode" />
        <property name="EditorOnly" value="True" />
      </properties>
      <test-suite type="TestSuite" id="1060" name="VectorRush" fullname="VectorRush" runstate="Runnable" testcasecount="42" result="Passed" start-time="2026-09-08 17:44:35Z" end-time="2026-09-08 17:44:35Z" duration="0.051726" total="42" passed="42" failed="0" inconclusive="0" skipped="0" asserts="0">
        <properties />
        <test-suite type="TestSuite" id="1061" name="Tests" fullname="VectorRush.Tests" runstate="Runnable" testcasecount="42" result="Passed" start-time="2026-09-08 17:44:35Z" end-time="2026-09-08 17:44:35Z" duration="0.051503" total="42" passed="42" failed="0" inconclusive="0" skipped="0" asserts="0">
          <properties />
          <test-suite type="TestFixture" id="1008" name="AIPursuitTests" fullname="VectorRush.Tests.AIPursuitTests" classname="VectorRush.Tests.AIPursuitTests" runstate="Runnable" testcasecount="5" result="Passed" start-time="2026-09-08 17:44:35Z" end-time="2026-09-08 17:44:35Z" duration="0.017077" total="5" passed="5" failed="0" inconclusive="0" skipped="0" asserts="0">
            <properties />
            <test-case id="1012" name="LeftHandCircleRequestsNegativeYaw" fullname="VectorRush.Tests.AIPursuitTests.LeftHandCircleRequestsNegativeYaw" methodname="LeftHandCircleRequestsNegativeYaw" classname="VectorRush.Tests.AIPursuitTests" runstate="Runnable" seed="1283639613" result="Passed" start-time="2026-09-08 17:44:35Z" end-time="2026-09-08 17:44:35Z" duration="0.007758" asserts="0">
              <properties>
                <property name="retryIteration" value="0" />
                <property name="repeatIteration" value="0" />
              </properties>
            </test-case>
            <test-suite type="ParameterizedMethod" id="1011" name="SameRadiusRequestsTheRequiredYawAtDifferentSpeeds" fullname="VectorRush.Tests.AIPursuitTests.SameRadiusRequestsTheRequiredYawAtDifferentSpeeds" classname="VectorRush.Tests.AIPursuitTests" runstate="Runnable" testcasecount="2" result="Passed" start-time="2026-09-08 17:44:35Z" end-time="2026-09-08 17:44:35Z" duration="0.001689" total="2" passed="2" failed="0" inconclusive="0" skipped="0" asserts="0">
              <properties />
              <test-case id="1009" name="SameRadiusRequestsTheRequiredYawAtDifferentSpeeds(40.0f,0.4f)" fullname="VectorRush.Tests.AIPursuitTests.SameRadiusRequestsTheRequiredYawAtDifferentSpeeds(40.0f,0.4f)" methodname="SameRadiusRequestsTheRequiredYawAtDifferentSpeeds" classname="VectorRush.Tests.AIPursuitTests" runstate="Runnable" seed="881372716" result="Passed" start-time="2026-09-08 17:44:35Z" end-time="2026-09-08 17:44:35Z" duration="0.000168" asserts="0">
                <properties>
                  <property name="retryIteration" value="0" />
                  <property name="repeatIteration" value="0" />
                </properties>
              </test-case>
              <test-case id="1010" name="SameRadiusRequestsTheRequiredYawAtDifferentSpeeds(60.0f,0.6f)" fullname="VectorRush.Tests.AIPursuitTests.SameRadiusRequestsTheRequiredYawAtDifferentSpeeds(60.0f,0.6f)" methodname="SameRadiusRequestsTheRequiredYawAtDifferentSpeeds" classname="VectorRush.Tests.AIPursuitTests" runstate="Runnable" seed="107298103" result="Passed" start-time="2026-09-08 17:44:35Z" end-time="2026-09-08 17:44:35Z" duration="0.000035" asserts="0">
                <properties>
                  <property name="retryIteration" value="0" />
                  <property name="repeatIteration" value="0" />
                </properties>
              </test-case>
            </test-suite>
            <test-case id="1014" name="SharpCorrectionStaysWithinSteeringRange" fullname="VectorRush.Tests.AIPursuitTests.SharpCorrectionStaysWithinSteeringRange" methodname="SharpCorrectionStaysWithinSteeringRange" classname="VectorRush.Tests.AIPursuitTests" runstate="Runnable" seed="645989724" result="Passed" start-time="2026-09-08 17:44:35Z" end-time="2026-09-08 17:44:35Z" duration="0.000624" asserts="0">
              <properties>
                <property name="retryIteration" value="0" />
                <property name="repeatIteration" value="0" />
              </properties>
            </test-case>
            <test-case id="1013" name="SlowTurnAccountsForReducedSteeringAuthority" fullname="VectorRush.Tests.AIPursuitTests.SlowTurnAccountsForReducedSteeringAuthority" methodname="SlowTurnAccountsForReducedSteeringAuthority" classname="VectorRush.Tests.AIPursuitTests" runstate="Runnable" seed="1151982017" result="Passed" start-time="2026-09-08 17:44:35Z" end-time="2026-09-08 17:44:35Z" duration="0.000078" asserts="0">
              <properties>
                <property name="retryIteration" value="0" />
                <property name="repeatIteration" value="0" />
              </properties>
            </test-case>
          </test-suite>
          <test-suite type="TestFixture" id="1015" name="HoverVehicleInputTests" fullname="VectorRush.Tests.HoverVehicleInputTests" classname="VectorRush.Tests.HoverVehicleInputTests" runstate="Runnable" testcasecount="5" result="Passed" start-time="2026-09-08 17:44:35Z" end-time="2026-09-08 17:44:35Z" duration="0.025973" total="5" passed="5" failed="0" inconclusive="0" skipped="0" asserts="0">
            <properties />
            <test-suite type="ParameterizedMethod" id="1020" name="AnalogThrottleIsReportedIndependentlyOfHighCoastingSpeed" fullname="VectorRush.Tests.HoverVehicleInputTests.AnalogThrottleIsReportedIndependentlyOfHighCoastingSpeed" classname="VectorRush.Tests.HoverVehicleInputTests" runstate="Runnable" testcasecount="2" result="Passed" start-time="2026-09-08 17:44:35Z" end-time="2026-09-08 17:44:35Z" duration="0.017437" total="2" passed="2" failed="0" inconclusive="0" skipped="0" asserts="0">
              <properties />
              <test-case id="1018" name="AnalogThrottleIsReportedIndependentlyOfHighCoastingSpeed(0.25f)" fullname="VectorRush.Tests.HoverVehicleInputTests.AnalogThrottleIsReportedIndependentlyOfHighCoastingSpeed(0.25f)" methodname="AnalogThrottleIsReportedIndependentlyOfHighCoastingSpeed" classname="VectorRush.Tests.HoverVehicleInputTests" runstate="Runnable" seed="1274172866" result="Passed" start-time="2026-09-08 17:44:35Z" end-time="2026-09-08 17:44:35Z" duration="0.016005" asserts="0">
                <properties>
                  <property name="retryIteration" value="0" />
                  <property name="repeatIteration" value="0" />
                </properties>
              </test-case>
              <test-case id="1019" name="AnalogThrottleIsReportedIndependentlyOfHighCoastingSpeed(1.0f)" fullname="VectorRush.Tests.HoverVehicleInputTests.AnalogThrottleIsReportedIndependentlyOfHighCoastingSpeed(1.0f)" methodname="AnalogThrottleIsReportedIndependentlyOfHighCoastingSpeed" classname="VectorRush.Tests.HoverVehicleInputTests" runstate="Runnable" seed="461153581" result="Passed" start-time="2026-09-08 17:44:35Z" end-time="2026-09-08 17:44:35Z" duration="0.001038" asserts="0">
                <properties>
                  <property name="retryIteration" value="0" />
                  <property name="repeatIteration" value="0" />
                </properties>
              </test-case>
            </test-suite>
            <test-case id="1016" name="RecoveryPressedDuringPauseDoesNotExecuteOrSpendBoostAfterResume" fullname="VectorRush.Tests.HoverVehicleInputTests.RecoveryPressedDuringPauseDoesNotExecuteOrSpendBoostAfterResume" methodname="RecoveryPressedDuringPauseDoesNotExecuteOrSpendBoostAfterResume" classname="VectorRush.Tests.HoverVehicleInputTests" runstate="Runnable" seed="1558955165" result="Passed" start-time="2026-09-08 17:44:35Z" end-time="2026-09-08 17:44:35Z" duration="0.003783" asserts="0">
              <properties>
                <property name="retryIteration" value="0" />
                <property name="repeatIteration" value="0" />
              </properties>
            </test-case>
            <test-case id="1017" name="RecoveryPressedWhileRacingStillExecutes" fullname="VectorRush.Tests.HoverVehicleInputTests.RecoveryPressedWhileRacingStillExecutes" methodname="RecoveryPressedWhileRacingStillExecutes" classname="VectorRush.Tests.HoverVehicleInputTests" runstate="Runnable" seed="578463605" result="Passed" start-time="2026-09-08 17:44:35Z" end-time="2026-09-08 17:44:35Z" duration="0.002486" asserts="0">
              <properties>
                <property name="retryIteration" value="0" />
                <property name="repeatIteration" value="0" />
              </properties>
              <output><![CDATA[VECTOR_RUSH_RECOVERY racer=YOU reason=manual raceTime=0.00 lap=0 from=0.99241 to=0.99241 speedKph=0.0 lateral=-4.00 height=1.55 grounded=False airborneSeconds=0.02 stalledSeconds=0.00 impactAgo=100.05 impactSpeed=0.0 count=1
]]></output>
            </test-case>
            <test-case id="1021" name="ReleasingTriggerReportsZeroThrottleWhileCoastingSpeedRemainsHigh" fullname="VectorRush.Tests.HoverVehicleInputTests.ReleasingTriggerReportsZeroThrottleWhileCoastingSpeedRemainsHigh" methodname="ReleasingTriggerReportsZeroThrottleWhileCoastingSpeedRemainsHigh" classname="VectorRush.Tests.HoverVehicleInputTests" runstate="Runnable" seed="223818314" result="Passed" start-time="2026-09-08 17:44:35Z" end-time="2026-09-08 17:44:35Z" duration="0.001085" asserts="0">
              <properties>
                <property name="retryIteration" value="0" />
                <property name="repeatIteration" value="0" />
              </properties>
            </test-case>
          </test-suite>
          <test-suite type="TestFixture" id="1022" name="RaceProgressTests" fullname="VectorRush.Tests.RaceProgressTests" classname="VectorRush.Tests.RaceProgressTests" runstate="Runnable" testcasecount="17" result="Passed" start-time="2026-09-08 17:44:35Z" end-time="2026-09-08 17:44:35Z" duration="0.003815" total="17" passed="17" failed="0" inconclusive="0" skipped="0" asserts="0">
            <properties />
            <test-case id="1023" name="CompleteOrderedForwardLapCountsExactlyOnce" fullname="VectorRush.Tests.RaceProgressTests.CompleteOrderedForwardLapCountsExactlyOnce" methodname="CompleteOrderedForwardLapCountsExactlyOnce" classname="VectorRush.Tests.RaceProgressTests" runstate="Runnable" seed="1992143714" result="Passed" start-time="2026-09-08 17:44:35Z" end-time="2026-09-08 17:44:35Z" duration="0.000412" asserts="0">
              <properties>
                <property name="retryIteration" value="0" />
                <property name="repeatIteration" value="0" />
              </properties>
            </test-case>
            <test-case id="1039" name="FinishFractionDistinguishesCrossingsWithinSamePhysicsStep" fullname="VectorRush.Tests.RaceProgressTests.FinishFractionDistinguishesCrossingsWithinSamePhysicsStep" methodname="FinishFractionDistinguishesCrossingsWithinSamePhysicsStep" classname="VectorRush.Tests.RaceProgressTests" runstate="Runnable" seed="16065462" result="Passed" start-time="2026-09-08 17:44:35Z" end-time="2026-09-08 17:44:35Z" duration="0.000116" asserts="0">
              <properties>
                <property name="retryIteration" value="0" />
                <property name="repeatIteration" value="0" />
              </properties>
            </test-case>
            <test-case id="1034" name="FinishLineOscillationCannotAwardAnotherLap" fullname="VectorRush.Tests.RaceProgressTests.FinishLineOscillationCannotAwardAnotherLap" methodname="FinishLineOscillationCannotAwardAnotherLap" classname="VectorRush.Tests.RaceProgressTests" runstate="Runnable" seed="229670254" result="Passed" start-time="2026-09-08 17:44:35Z" end-time="2026-09-08 17:44:35Z" duration="0.000102" asserts="0">
              <properties>
                <property name="retryIteration" value="0" />
                <property name="repeatIteration" value="0" />
              </properties>
            </test-case>
            <test-case id="1037" name="GateCorridorAcceptsEdgeHoverAndRejectsFlightOutsideRibbon" fullname="VectorRush.Tests.RaceProgressTests.GateCorridorAcceptsEdgeHoverAndRejectsFlightOutsideRibbon" methodname="GateCorridorAcceptsEdgeHoverAndRejectsFlightOutsideRibbon" classname="VectorRush.Tests.RaceProgressTests" runstate="Runnable" seed="335881404" result="Passed" start-time="2026-09-08 17:44:35Z" end-time="2026-09-08 17:44:35Z" duration="0.000268" asserts="0">
              <properties>
                <property name="retryIteration" value="0" />
                <property name="repeatIteration" value="0" />
              </properties>
            </test-case>
            <test-case id="1036" name="InvalidSampleAfterLastGateCannotFinishLap" fullname="VectorRush.Tests.RaceProgressTests.InvalidSampleAfterLastGateCannotFinishLap" methodname="InvalidSampleAfterLastGateCannotFinishLap" classname="VectorRush.Tests.RaceProgressTests" runstate="Runnable" seed="1703434725" result="Passed" start-time="2026-09-08 17:44:35Z" end-time="2026-09-08 17:44:35Z" duration="0.000081" asserts="0">
              <properties>
                <property name="retryIteration" value="0" />
                <property name="repeatIteration" value="0" />
              </properties>
            </test-case>
            <test-case id="1038" name="NonFiniteInputCannotCorruptProgressOrCreateCrossing" fullname="VectorRush.Tests.RaceProgressTests.NonFiniteInputCannotCorruptProgressOrCreateCrossing" methodname="NonFiniteInputCannotCorruptProgressOrCreateCrossing" classname="VectorRush.Tests.RaceProgressTests" runstate="Runnable" seed="2037345202" result="Passed" start-time="2026-09-08 17:44:35Z" end-time="2026-09-08 17:44:35Z" duration="0.000137" asserts="0">
              <properties>
                <property name="retryIteration" value="0" />
                <property name="repeatIteration" value="0" />
              </properties>
            </test-case>
            <test-case id="1035" name="OffTrackCrossingAndReentryDoNotAdvanceGate" fullname="VectorRush.Tests.RaceProgressTests.OffTrackCrossingAndReentryDoNotAdvanceGate" methodname="OffTrackCrossingAndReentryDoNotAdvanceGate" classname="VectorRush.Tests.RaceProgressTests" runstate="Runnable" seed="43375358" result="Passed" start-time="2026-09-08 17:44:35Z" end-time="2026-09-08 17:44:35Z" duration="0.000070" asserts="0">
              <properties>
                <property name="retryIteration" value="0" />
                <property name="repeatIteration" value="0" />
              </properties>
            </test-case>
            <test-case id="1032" name="RecoveryPreservesOrderedGatesAndCompletedLaps" fullname="VectorRush.Tests.RaceProgressTests.RecoveryPreservesOrderedGatesAndCompletedLaps" methodname="RecoveryPreservesOrderedGatesAndCompletedLaps" classname="VectorRush.Tests.RaceProgressTests" runstate="Runnable" seed="547391338" result="Passed" start-time="2026-09-08 17:44:35Z" end-time="2026-09-08 17:44:35Z" duration="0.000218" asserts="0">
              <properties>
                <property name="retryIteration" value="0" />
                <property name="repeatIteration" value="0" />
              </properties>
            </test-case>
            <test-case id="1026" name="RepeatedForwardGateAfterReversingDoesNotAdvanceAgain" fullname="VectorRush.Tests.RaceProgressTests.RepeatedForwardGateAfterReversingDoesNotAdvanceAgain" methodname="RepeatedForwardGateAfterReversingDoesNotAdvanceAgain" classname="VectorRush.Tests.RaceProgressTests" runstate="Runnable" seed="601675774" result="Passed" start-time="2026-09-08 17:44:35Z" end-time="2026-09-08 17:44:35Z" duration="0.000070" asserts="0">
              <properties>
                <property name="retryIteration" value="0" />
                <property name="repeatIteration" value="0" />
              </properties>
            </test-case>
            <test-case id="1029" name="ResetClearsLapsGatesAndStartState" fullname="VectorRush.Tests.RaceProgressTests.ResetClearsLapsGatesAndStartState" methodname="ResetClearsLapsGatesAndStartState" classname="VectorRush.Tests.RaceProgressTests" runstate="Runnable" seed="158194926" result="Passed" start-time="2026-09-08 17:44:35Z" end-time="2026-09-08 17:44:35Z" duration="0.000100" asserts="0">
              <properties>
                <property name="retryIteration" value="0" />
                <property name="repeatIteration" value="0" />
              </properties>
            </test-case>
            <test-case id="1028" name="RespawnAcrossFinishCannotCountLap" fullname="VectorRush.Tests.RaceProgressTests.RespawnAcrossFinishCannotCountLap" methodname="RespawnAcrossFinishCannotCountLap" classname="VectorRush.Tests.RaceProgressTests" runstate="Runnable" seed="328698613" result="Passed" start-time="2026-09-08 17:44:35Z" end-time="2026-09-08 17:44:35Z" duration="0.000055" asserts="0">
              <properties>
                <property name="retryIteration" value="0" />
                <property name="repeatIteration" value="0" />
              </properties>
            </test-case>
            <test-case id="1027" name="ReverseLapDoesNotAwardAnything" fullname="VectorRush.Tests.RaceProgressTests.ReverseLapDoesNotAwardAnything" methodname="ReverseLapDoesNotAwardAnything" classname="VectorRush.Tests.RaceProgressTests" runstate="Runnable" seed="1772414303" result="Passed" start-time="2026-09-08 17:44:35Z" end-time="2026-09-08 17:44:35Z" duration="0.000071" asserts="0">
              <properties>
                <property name="retryIteration" value="0" />
                <property name="repeatIteration" value="0" />
              </properties>
            </test-case>
            <test-case id="1024" name="ReverseStartLineNeverArmsOrCounts" fullname="VectorRush.Tests.RaceProgressTests.ReverseStartLineNeverArmsOrCounts" methodname="ReverseStartLineNeverArmsOrCounts" classname="VectorRush.Tests.RaceProgressTests" runstate="Runnable" seed="622617746" result="Passed" start-time="2026-09-08 17:44:35Z" end-time="2026-09-08 17:44:35Z" duration="0.000068" asserts="0">
              <properties>
                <property name="retryIteration" value="0" />
                <property name="repeatIteration" value="0" />
              </properties>
            </test-case>
            <test-case id="1031" name="ShortcutCannotLeapToFrontOfUnvalidatedSector" fullname="VectorRush.Tests.RaceProgressTests.ShortcutCannotLeapToFrontOfUnvalidatedSector" methodname="ShortcutCannotLeapToFrontOfUnvalidatedSector" classname="VectorRush.Tests.RaceProgressTests" runstate="Runnable" seed="727262719" result="Passed" start-time="2026-09-08 17:44:35Z" end-time="2026-09-08 17:44:35Z" duration="0.000093" asserts="0">
              <properties>
                <property name="retryIteration" value="0" />
                <property name="repeatIteration" value="0" />
              </properties>
            </test-case>
            <test-case id="1025" name="SkippedCheckpointDoesNotCompleteLap" fullname="VectorRush.Tests.RaceProgressTests.SkippedCheckpointDoesNotCompleteLap" methodname="SkippedCheckpointDoesNotCompleteLap" classname="VectorRush.Tests.RaceProgressTests" runstate="Runnable" seed="643644378" result="Passed" start-time="2026-09-08 17:44:35Z" end-time="2026-09-08 17:44:35Z" duration="0.000085" asserts="0">
              <properties>
                <property name="retryIteration" value="0" />
                <property name="repeatIteration" value="0" />
              </properties>
            </test-case>
            <test-case id="1033" name="StartingGridRecoveryStillRequiresForwardStartCrossing" fullname="VectorRush.Tests.RaceProgressTests.StartingGridRecoveryStillRequiresForwardStartCrossing" methodname="StartingGridRecoveryStillRequiresForwardStartCrossing" classname="VectorRush.Tests.RaceProgressTests" runstate="Runnable" seed="1951747156" result="Passed" start-time="2026-09-08 17:44:35Z" end-time="2026-09-08 17:44:35Z" duration="0.000111" asserts="0">
              <properties>
                <property name="retryIteration" value="0" />
                <property name="repeatIteration" value="0" />
              </properties>
            </test-case>
            <test-case id="1030" name="ThreeConsecutiveLapsRemainValid" fullname="VectorRush.Tests.RaceProgressTests.ThreeConsecutiveLapsRemainValid" methodname="ThreeConsecutiveLapsRemainValid" classname="VectorRush.Tests.RaceProgressTests" runstate="Runnable" seed="234597931" result="Passed" start-time="2026-09-08 17:44:35Z" end-time="2026-09-08 17:44:35Z" duration="0.000095" asserts="0">
              <properties>
                <property name="retryIteration" value="0" />
                <property name="repeatIteration" value="0" />
              </properties>
            </test-case>
          </test-suite>
          <test-suite type="TestFixture" id="1040" name="RivalCorridorGuardTests" fullname="VectorRush.Tests.RivalCorridorGuardTests" classname="VectorRush.Tests.RivalCorridorGuardTests" runstate="Runnable" testcasecount="15" result="Passed" start-time="2026-09-08 17:44:35Z" end-time="2026-09-08 17:44:35Z" duration="0.003844" total="15" passed="15" failed="0" inconclusive="0" skipped="0" asserts="0">
            <properties />
            <test-case id="1053" name="ActiveGuardWaitsForClearanceThenReleasesWithoutRaisingTrafficSpeed" fullname="VectorRush.Tests.RivalCorridorGuardTests.ActiveGuardWaitsForClearanceThenReleasesWithoutRaisingTrafficSpeed" methodname="ActiveGuardWaitsForClearanceThenReleasesWithoutRaisingTrafficSpeed" classname="VectorRush.Tests.RivalCorridorGuardTests" runstate="Runnable" seed="1033940934" result="Passed" start-time="2026-09-08 17:44:35Z" end-time="2026-09-08 17:44:35Z" duration="0.000289" asserts="0">
              <properties>
                <property name="retryIteration" value="0" />
                <property name="repeatIteration" value="0" />
              </properties>
            </test-case>
            <test-case id="1057" name="AlreadyCrowdedCorrectionDoesNotPushFartherTowardWall" fullname="VectorRush.Tests.RivalCorridorGuardTests.AlreadyCrowdedCorrectionDoesNotPushFartherTowardWall" methodname="AlreadyCrowdedCorrectionDoesNotPushFartherTowardWall" classname="VectorRush.Tests.RivalCorridorGuardTests" runstate="Runnable" seed="1149616141" result="Passed" start-time="2026-09-08 17:44:35Z" end-time="2026-09-08 17:44:35Z" duration="0.000100" asserts="0">
              <properties>
                <property name="retryIteration" value="0" />
                <property name="repeatIteration" value="0" />
              </properties>
            </test-case>
            <test-case id="1044" name="BlockedInwardTargetDoesNotApplySideForce" fullname="VectorRush.Tests.RivalCorridorGuardTests.BlockedInwardTargetDoesNotApplySideForce" methodname="BlockedInwardTargetDoesNotApplySideForce" classname="VectorRush.Tests.RivalCorridorGuardTests" runstate="Runnable" seed="488284252" result="Passed" start-time="2026-09-08 17:44:35Z" end-time="2026-09-08 17:44:35Z" duration="0.000087" asserts="0">
              <properties>
                <property name="retryIteration" value="0" />
                <property name="repeatIteration" value="0" />
              </properties>
            </test-case>
            <test-suite type="ParameterizedMethod" id="1056" name="InwardCorrectionRespectsAdjacentYawedCraftClearance" fullname="VectorRush.Tests.RivalCorridorGuardTests.InwardCorrectionRespectsAdjacentYawedCraftClearance" classname="VectorRush.Tests.RivalCorridorGuardTests" runstate="Runnable" testcasecount="2" result="Passed" start-time="2026-09-08 17:44:35Z" end-time="2026-09-08 17:44:35Z" duration="0.000713" total="2" passed="2" failed="0" inconclusive="0" skipped="0" asserts="0">
              <properties />
              <test-case id="1054" name="InwardCorrectionRespectsAdjacentYawedCraftClearance(-1.0f)" fullname="VectorRush.Tests.RivalCorridorGuardTests.InwardCorrectionRespectsAdjacentYawedCraftClearance(-1.0f)" methodname="InwardCorrectionRespectsAdjacentYawedCraftClearance" classname="VectorRush.Tests.RivalCorridorGuardTests" runstate="Runnable" seed="514267360" result="Passed" start-time="2026-09-08 17:44:35Z" end-time="2026-09-08 17:44:35Z" duration="0.000403" asserts="0">
                <properties>
                  <property name="retryIteration" value="0" />
                  <property name="repeatIteration" value="0" />
                </properties>
              </test-case>
              <test-case id="1055" name="InwardCorrectionRespectsAdjacentYawedCraftClearance(1.0f)" fullname="VectorRush.Tests.RivalCorridorGuardTests.InwardCorrectionRespectsAdjacentYawedCraftClearance(1.0f)" methodname="InwardCorrectionRespectsAdjacentYawedCraftClearance" classname="VectorRush.Tests.RivalCorridorGuardTests" runstate="Runnable" seed="2027667921" result="Passed" start-time="2026-09-08 17:44:35Z" end-time="2026-09-08 17:44:35Z" duration="0.000033" asserts="0">
                <properties>
                  <property name="retryIteration" value="0" />
                  <property name="repeatIteration" value="0" />
                </properties>
              </test-case>
            </test-suite>
            <test-suite type="ParameterizedMethod" id="1050" name="LoggedWallPositionGetsSymmetricInwardTargetAndSpeedReduction" fullname="VectorRush.Tests.RivalCorridorGuardTests.LoggedWallPositionGetsSymmetricInwardTargetAndSpeedReduction" classname="VectorRush.Tests.RivalCorridorGuardTests" runstate="Runnable" testcasecount="2" result="Passed" start-time="2026-09-08 17:44:35Z" end-time="2026-09-08 17:44:35Z" duration="0.000589" total="2" passed="2" failed="0" inconclusive="0" skipped="0" asserts="0">
              <properties />
              <test-case id="1048" name="LoggedWallPositionGetsSymmetricInwardTargetAndSpeedReduction(-1.0f)" fullname="VectorRush.Tests.RivalCorridorGuardTests.LoggedWallPositionGetsSymmetricInwardTargetAndSpeedReduction(-1.0f)" methodname="LoggedWallPositionGetsSymmetricInwardTargetAndSpeedReduction" classname="VectorRush.Tests.RivalCorridorGuardTests" runstate="Runnable" seed="1115978080" result="Passed" start-time="2026-09-08 17:44:35Z" end-time="2026-09-08 17:44:35Z" duration="0.000212" asserts="0">
                <properties>
                  <property name="retryIteration" value="0" />
                  <property name="repeatIteration" value="0" />
                </properties>
              </test-case>
              <test-case id="1049" name="LoggedWallPositionGetsSymmetricInwardTargetAndSpeedReduction(1.0f)" fullname="VectorRush.Tests.RivalCorridorGuardTests.LoggedWallPositionGetsSymmetricInwardTargetAndSpeedReduction(1.0f)" methodname="LoggedWallPositionGetsSymmetricInwardTargetAndSpeedReduction" classname="VectorRush.Tests.RivalCorridorGuardTests" runstate="Runnable" seed="663223615" result="Passed" start-time="2026-09-08 17:44:35Z" end-time="2026-09-08 17:44:35Z" duration="0.000039" asserts="0">
                <properties>
                  <property name="retryIteration" value="0" />
                  <property name="repeatIteration" value="0" />
                </properties>
              </test-case>
            </test-suite>
            <test-case id="1051" name="OutwardDriftTriggersBeforeCurrentPositionReachesBoundary" fullname="VectorRush.Tests.RivalCorridorGuardTests.OutwardDriftTriggersBeforeCurrentPositionReachesBoundary" methodname="OutwardDriftTriggersBeforeCurrentPositionReachesBoundary" classname="VectorRush.Tests.RivalCorridorGuardTests" runstate="Runnable" seed="1703432465" result="Passed" start-time="2026-09-08 17:44:35Z" end-time="2026-09-08 17:44:35Z" duration="0.000079" asserts="0">
              <properties>
                <property name="retryIteration" value="0" />
                <property name="repeatIteration" value="0" />
              </properties>
            </test-case>
            <test-case id="1046" name="OutwardTargetCannotActivateRecoveryForce" fullname="VectorRush.Tests.RivalCorridorGuardTests.OutwardTargetCannotActivateRecoveryForce" methodname="OutwardTargetCannotActivateRecoveryForce" classname="VectorRush.Tests.RivalCorridorGuardTests" runstate="Runnable" seed="157037239" result="Passed" start-time="2026-09-08 17:44:35Z" end-time="2026-09-08 17:44:35Z" duration="0.000047" asserts="0">
              <properties>
                <property name="retryIteration" value="0" />
                <property name="repeatIteration" value="0" />
              </properties>
            </test-case>
            <test-case id="1045" name="PlayerAndInactiveGuardNeverReceiveAssistance" fullname="VectorRush.Tests.RivalCorridorGuardTests.PlayerAndInactiveGuardNeverReceiveAssistance" methodname="PlayerAndInactiveGuardNeverReceiveAssistance" classname="VectorRush.Tests.RivalCorridorGuardTests" runstate="Runnable" seed="1691980067" result="Passed" start-time="2026-09-08 17:44:35Z" end-time="2026-09-08 17:44:35Z" duration="0.000064" asserts="0">
              <properties>
                <property name="retryIteration" value="0" />
                <property name="repeatIteration" value="0" />
              </properties>
            </test-case>
            <test-case id="1047" name="PlayerIsExcludedEvenWhenGuardWasActive" fullname="VectorRush.Tests.RivalCorridorGuardTests.PlayerIsExcludedEvenWhenGuardWasActive" methodname="PlayerIsExcludedEvenWhenGuardWasActive" classname="VectorRush.Tests.RivalCorridorGuardTests" runstate="Runnable" seed="1318676056" result="Passed" start-time="2026-09-08 17:44:35Z" end-time="2026-09-08 17:44:35Z" duration="0.000075" asserts="0">
              <properties>
                <property name="retryIteration" value="0" />
                <property name="repeatIteration" value="0" />
              </properties>
            </test-case>
            <test-case id="1058" name="RivalOutsideCorrectionPathDoesNotBlockInwardTarget" fullname="VectorRush.Tests.RivalCorridorGuardTests.RivalOutsideCorrectionPathDoesNotBlockInwardTarget" methodname="RivalOutsideCorrectionPathDoesNotBlockInwardTarget" classname="VectorRush.Tests.RivalCorridorGuardTests" runstate="Runnable" seed="430034512" result="Passed" start-time="2026-09-08 17:44:35Z" end-time="2026-09-08 17:44:35Z" duration="0.000045" asserts="0">
              <properties>
                <property name="retryIteration" value="0" />
                <property name="repeatIteration" value="0" />
              </properties>
            </test-case>
            <test-case id="1052" name="StableOuterLaneKeepsExistingTargetAndSpeed" fullname="VectorRush.Tests.RivalCorridorGuardTests.StableOuterLaneKeepsExistingTargetAndSpeed" methodname="StableOuterLaneKeepsExistingTargetAndSpeed" classname="VectorRush.Tests.RivalCorridorGuardTests" runstate="Runnable" seed="1235205910" result="Passed" start-time="2026-09-08 17:44:35Z" end-time="2026-09-08 17:44:35Z" duration="0.000071" asserts="0">
              <properties>
                <property name="retryIteration" value="0" />
                <property name="repeatIteration" value="0" />
              </properties>
            </test-case>
            <test-suite type="ParameterizedMethod" id="1043" name="WallContactGetsBoundedInwardForceWhenCorrectionPathIsClear" fullname="VectorRush.Tests.RivalCorridorGuardTests.WallContactGetsBoundedInwardForceWhenCorrectionPathIsClear" classname="VectorRush.Tests.RivalCorridorGuardTests" runstate="Runnable" testcasecount="2" result="Passed" start-time="2026-09-08 17:44:35Z" end-time="2026-09-08 17:44:35Z" duration="0.000503" total="2" passed="2" failed="0" inconclusive="0" skipped="0" asserts="0">
              <properties />
              <test-case id="1041" name="WallContactGetsBoundedInwardForceWhenCorrectionPathIsClear(-1.0f)" fullname="VectorRush.Tests.RivalCorridorGuardTests.WallContactGetsBoundedInwardForceWhenCorrectionPathIsClear(-1.0f)" methodname="WallContactGetsBoundedInwardForceWhenCorrectionPathIsClear" classname="VectorRush.Tests.RivalCorridorGuardTests" runstate="Runnable" seed="2063636293" result="Passed" start-time="2026-09-08 17:44:35Z" end-time="2026-09-08 17:44:35Z" duration="0.000153" asserts="0">
                <properties>
                  <property name="retryIteration" value="0" />
                  <property name="repeatIteration" value="0" />
                </properties>
              </test-case>
              <test-case id="1042" name="WallContactGetsBoundedInwardForceWhenCorrectionPathIsClear(1.0f)" fullname="VectorRush.Tests.RivalCorridorGuardTests.WallContactGetsBoundedInwardForceWhenCorrectionPathIsClear(1.0f)" methodname="WallContactGetsBoundedInwardForceWhenCorrectionPathIsClear" classname="VectorRush.Tests.RivalCorridorGuardTests" runstate="Runnable" seed="1722786630" result="Passed" start-time="2026-09-08 17:44:35Z" end-time="2026-09-08 17:44:35Z" duration="0.000032" asserts="0">
                <properties>
                  <property name="retryIteration" value="0" />
                  <property name="repeatIteration" value="0" />
                </properties>
                <output><![CDATA[Saving results to: /Users/anping/Library/Application Support/Vector Studio/Vector Rush/TestResults.xml
]]></output>
              </test-case>
            </test-suite>
          </test-suite>
        </test-suite>
      </test-suite>
    </test-suite>
  </test-suite>
</test-run>