<?xml version="1.0" encoding="utf-8"?>
<test-run id="2" testcasecount="3" result="Failed(Child)" total="3" passed="0" failed="3" inconclusive="0" skipped="0" asserts="0" engine-version="3.5.0.0" clr-version="4.0.30319.42000" start-time="2026-09-09 08:59:48Z" end-time="2026-09-09 08:59:48Z" duration="0.0628219">
  <test-suite type="TestSuite" id="1000" name="Vector Rush" fullname="Vector Rush" runstate="Runnable" testcasecount="45" result="Failed" site="Child" start-time="2026-09-09 08:59:48Z" end-time="2026-09-09 08:59:48Z" duration="0.062822" total="3" passed="0" failed="3" inconclusive="0" skipped="0" asserts="0">
    <properties>
      <property name="platform" value="EditMode" />
    </properties>
    <failure>
      <message><![CDATA[One or more child tests had errors]]></message>
    </failure>
    <test-suite type="Assembly" id="1063" name="VectorRush.EditorTests.dll" fullname="/Users/anping/Documents/Stuff/AI Space/Vector Rush/UnityProject/Library/ScriptAssemblies/VectorRush.EditorTests.dll" runstate="Runnable" testcasecount="45" result="Failed" site="Child" start-time="2026-09-09 08:59:48Z" end-time="2026-09-09 08:59:48Z" duration="0.047570" total="3" passed="0" failed="3" inconclusive="0" skipped="0" asserts="0">
      <properties>
        <property name="_PID" value="10196" />
        <property name="_APPDOMAIN" value="Unity Child Domain" />
        <property name="platform" value="EditMode" />
        <property name="EditorOnly" value="True" />
      </properties>
      <failure>
        <message><![CDATA[One or more child tests had errors]]></message>
      </failure>
      <test-suite type="TestSuite" id="1064" name="VectorRush" fullname="VectorRush" runstate="Runnable" testcasecount="45" result="Failed" site="Child" start-time="2026-09-09 08:59:48Z" end-time="2026-09-09 08:59:48Z" duration="0.046529" total="3" passed="0" failed="3" inconclusive="0" skipped="0" asserts="0">
        <properties />
        <failure>
          <message><![CDATA[One or more child tests had errors]]></message>
        </failure>
        <test-suite type="TestSuite" id="1065" name="Tests" fullname="VectorRush.Tests" runstate="Runnable" testcasecount="45" result="Failed" site="Child" start-time="2026-09-09 08:59:48Z" end-time="2026-09-09 08:59:48Z" duration="0.045152" total="3" passed="0" failed="3" inconclusive="0" skipped="0" asserts="0">
          <properties />
          <failure>
            <message><![CDATA[One or more child tests had errors]]></message>
          </failure>
          <test-suite type="TestFixture" id="1022" name="ProductionBoundaryTests" fullname="VectorRush.Tests.ProductionBoundaryTests" classname="VectorRush.Tests.ProductionBoundaryTests" runstate="Runnable" testcasecount="3" result="Failed" site="Child" start-time="2026-09-09 08:59:48Z" end-time="2026-09-09 08:59:48Z" duration="0.041320" total="3" passed="0" failed="3" inconclusive="0" skipped="0" asserts="0">
            <properties />
            <failure>
              <message><![CDATA[One or more child tests had errors]]></message>
            </failure>
            <test-case id="1025" name="CraftMaterialFactoryRuntimeBoundaryIsAvailable" fullname="VectorRush.Tests.ProductionBoundaryTests.CraftMaterialFactoryRuntimeBoundaryIsAvailable" methodname="CraftMaterialFactoryRuntimeBoundaryIsAvailable" classname="VectorRush.Tests.ProductionBoundaryTests" runstate="Runnable" seed="1579379662" result="Failed" start-time="2026-09-09 08:59:48Z" end-time="2026-09-09 08:59:48Z" duration="0.019698" asserts="0">
              <properties>
                <property name="retryIteration" value="0" />
                <property name="repeatIteration" value="0" />
              </properties>
              <failure>
                <message><![CDATA[  Expected: not null
  But was:  null
]]></message>
                <stack-trace><![CDATA[at VectorRush.Tests.ProductionBoundaryTests.CraftMaterialFactoryRuntimeBoundaryIsAvailable () [0x00000] in /Users/anping/Documents/Stuff/AI Space/Vector Rush/UnityProject/Assets/Tests/Editor/ProductionBoundaryTests.cs:23
]]></stack-trace>
              </failure>
            </test-case>
            <test-case id="1024" name="ProductionMaterialLibraryRuntimeBoundaryIsAvailable" fullname="VectorRush.Tests.ProductionBoundaryTests.ProductionMaterialLibraryRuntimeBoundaryIsAvailable" methodname="ProductionMaterialLibraryRuntimeBoundaryIsAvailable" classname="VectorRush.Tests.ProductionBoundaryTests" runstate="Runnable" seed="1899280723" result="Failed" start-time="2026-09-09 08:59:48Z" end-time="2026-09-09 08:59:48Z" duration="0.000397" asserts="0">
              <properties>
                <property name="retryIteration" value="0" />
                <property name="repeatIteration" value="0" />
              </properties>
              <failure>
                <message><![CDATA[  Expected: not null
  But was:  null
]]></message>
                <stack-trace><![CDATA[at VectorRush.Tests.ProductionBoundaryTests.ProductionMaterialLibraryRuntimeBoundaryIsAvailable () [0x00000] in /Users/anping/Documents/Stuff/AI Space/Vector Rush/UnityProject/Assets/Tests/Editor/ProductionBoundaryTests.cs:17
]]></stack-trace>
              </failure>
            </test-case>
            <test-case id="1023" name="ProductionWorldRuntimeBoundaryIsAvailable" fullname="VectorRush.Tests.ProductionBoundaryTests.ProductionWorldRuntimeBoundaryIsAvailable" methodname="ProductionWorldRuntimeBoundaryIsAvailable" classname="VectorRush.Tests.ProductionBoundaryTests" runstate="Runnable" seed="706400230" result="Failed" start-time="2026-09-09 08:59:48Z" end-time="2026-09-09 08:59:48Z" duration="0.000246" asserts="0">
              <properties>
                <property name="retryIteration" value="0" />
                <property name="repeatIteration" value="0" />
              </properties>
              <failure>
                <message><![CDATA[  Expected: not null
  But was:  null
]]></message>
                <stack-trace><![CDATA[at VectorRush.Tests.ProductionBoundaryTests.ProductionWorldRuntimeBoundaryIsAvailable () [0x00000] in /Users/anping/Documents/Stuff/AI Space/Vector Rush/UnityProject/Assets/Tests/Editor/ProductionBoundaryTests.cs:11
]]></stack-trace>
              </failure>
              <output><![CDATA[Saving results to: /Users/anping/Library/Application Support/Vector Studio/Vector Rush/TestResults.xml
]]></output>
            </test-case>
          </test-suite>
        </test-suite>
      </test-suite>
    </test-suite>
  </test-suite>
</test-run>