<?xml version="1.0" encoding="utf-8"?>
<test-run id="2" testcasecount="282" result="Passed" total="282" passed="282" failed="0" inconclusive="0" skipped="0" asserts="0" engine-version="3.5.0.0" clr-version="4.0.30319.42000" start-time="2026-09-17 08:55:06Z" end-time="2026-09-17 08:55:12Z" duration="6.386987">
  <test-suite type="TestSuite" id="1000" name="Vector Rush" fullname="Vector Rush" runstate="Runnable" testcasecount="282" result="Passed" start-time="2026-09-17 08:55:06Z" end-time="2026-09-17 08:55:12Z" duration="6.386987" total="282" passed="282" failed="0" inconclusive="0" skipped="0" asserts="0">
    <properties>
      <property name="platform" value="EditMode" />
    </properties>
    <test-suite type="Assembly" id="1357" name="VectorRush.EditorTests.dll" fullname="/Users/anping.wang/Game Projects/vector-rush-relay/UnityProject/Library/ScriptAssemblies/VectorRush.EditorTests.dll" runstate="Runnable" testcasecount="282" result="Passed" start-time="2026-09-17 08:55:06Z" end-time="2026-09-17 08:55:12Z" duration="6.383105" total="282" passed="282" failed="0" inconclusive="0" skipped="0" asserts="0">
      <properties>
        <property name="_PID" value="55620" />
        <property name="_APPDOMAIN" value="Unity Child Domain" />
        <property name="platform" value="EditMode" />
        <property name="EditorOnly" value="True" />
      </properties>
      <test-suite type="TestSuite" id="1358" name="VectorRush" fullname="VectorRush" runstate="Runnable" testcasecount="282" result="Passed" start-time="2026-09-17 08:55:06Z" end-time="2026-09-17 08:55:12Z" duration="6.382789" total="282" passed="282" failed="0" inconclusive="0" skipped="0" asserts="0">
        <properties />
        <test-suite type="TestSuite" id="1359" name="Tests" fullname="VectorRush.Tests" runstate="Runnable" testcasecount="282" result="Passed" start-time="2026-09-17 08:55:06Z" end-time="2026-09-17 08:55:12Z" duration="6.382481" total="282" passed="282" failed="0" inconclusive="0" skipped="0" asserts="0">
          <properties />
          <test-suite type="TestFixture" id="1008" name="AAAGalleryIntegrationTests" fullname="VectorRush.Tests.AAAGalleryIntegrationTests" classname="VectorRush.Tests.AAAGalleryIntegrationTests" runstate="Runnable" testcasecount="4" result="Passed" start-time="2026-09-17 08:55:06Z" end-time="2026-09-17 08:55:06Z" duration="0.030972" total="4" passed="4" failed="0" inconclusive="0" skipped="0" asserts="0">
            <properties />
            <test-case id="1009" name="AtomicTargetSetRequiresExactWarmDetailsAndExpectedLocalLights" fullname="VectorRush.Tests.AAAGalleryIntegrationTests.AtomicTargetSetRequiresExactWarmDetailsAndExpectedLocalLights" methodname="AtomicTargetSetRequiresExactWarmDetailsAndExpectedLocalLights" classname="VectorRush.Tests.AAAGalleryIntegrationTests" runstate="Runnable" seed="396133481" result="Passed" start-time="2026-09-17 08:55:06Z" end-time="2026-09-17 08:55:06Z" duration="0.016096" asserts="0">
              <properties>
                <property name="retryIteration" value="0" />
                <property name="repeatIteration" value="0" />
              </properties>
            </test-case>
            <test-case id="1010" name="ClosedReplacementContractRejectsProtectedShellAndPartialCoverage" fullname="VectorRush.Tests.AAAGalleryIntegrationTests.ClosedReplacementContractRejectsProtectedShellAndPartialCoverage" methodname="ClosedReplacementContractRejectsProtectedShellAndPartialCoverage" classname="VectorRush.Tests.AAAGalleryIntegrationTests" runstate="Runnable" seed="1473044521" result="Passed" start-time="2026-09-17 08:55:06Z" end-time="2026-09-17 08:55:06Z" duration="0.005279" asserts="0">
              <properties>
                <property name="retryIteration" value="0" />
                <property name="repeatIteration" value="0" />
              </properties>
            </test-case>
            <test-case id="1011" name="GalleryFixtureContractRejectsNonLocalTypeAndExcessIntensity" fullname="VectorRush.Tests.AAAGalleryIntegrationTests.GalleryFixtureContractRejectsNonLocalTypeAndExcessIntensity" methodname="GalleryFixtureContractRejectsNonLocalTypeAndExcessIntensity" classname="VectorRush.Tests.AAAGalleryIntegrationTests" runstate="Runnable" seed="1623490675" result="Passed" start-time="2026-09-17 08:55:06Z" end-time="2026-09-17 08:55:06Z" duration="0.001092" asserts="0">
              <properties>
                <property name="retryIteration" value="0" />
                <property name="repeatIteration" value="0" />
              </properties>
            </test-case>
            <test-case id="1012" name="GalleryPublicationRequiresGalleryButHasNoOpeningDependency" fullname="VectorRush.Tests.AAAGalleryIntegrationTests.GalleryPublicationRequiresGalleryButHasNoOpeningDependency" methodname="GalleryPublicationRequiresGalleryButHasNoOpeningDependency" classname="VectorRush.Tests.AAAGalleryIntegrationTests" runstate="Runnable" seed="2074117255" result="Passed" start-time="2026-09-17 08:55:06Z" end-time="2026-09-17 08:55:06Z" duration="0.001706" asserts="0">
              <properties>
                <property name="retryIteration" value="0" />
                <property name="repeatIteration" value="0" />
              </properties>
            </test-case>
          </test-suite>
          <test-suite type="TestFixture" id="1013" name="AAAImportContractTests" fullname="VectorRush.Tests.AAAImportContractTests" classname="VectorRush.Tests.AAAImportContractTests" runstate="Runnable" testcasecount="4" result="Passed" start-time="2026-09-17 08:55:06Z" end-time="2026-09-17 08:55:06Z" duration="0.017806" total="4" passed="4" failed="0" inconclusive="0" skipped="0" asserts="0">
            <properties />
            <test-case id="1017" name="RendererReplacementIsBlockedByColliderOnAncestor" fullname="VectorRush.Tests.AAAImportContractTests.RendererReplacementIsBlockedByColliderOnAncestor" methodname="RendererReplacementIsBlockedByColliderOnAncestor" classname="VectorRush.Tests.AAAImportContractTests" runstate="Runnable" seed="1237141964" result="Passed" start-time="2026-09-17 08:55:06Z" end-time="2026-09-17 08:55:06Z" duration="0.000455" asserts="0">
              <properties>
                <property name="retryIteration" value="0" />
                <property name="repeatIteration" value="0" />
              </properties>
            </test-case>
            <test-case id="1016" name="RequiredPublicationRejectsEitherMissingResource" fullname="VectorRush.Tests.AAAImportContractTests.RequiredPublicationRejectsEitherMissingResource" methodname="RequiredPublicationRejectsEitherMissingResource" classname="VectorRush.Tests.AAAImportContractTests" runstate="Runnable" seed="285880140" result="Passed" start-time="2026-09-17 08:55:06Z" end-time="2026-09-17 08:55:06Z" duration="0.000732" asserts="0">
              <properties>
                <property name="retryIteration" value="0" />
                <property name="repeatIteration" value="0" />
              </properties>
            </test-case>
            <test-case id="1015" name="RuntimeGateRejectsPayloadFromDifferentCourse" fullname="VectorRush.Tests.AAAImportContractTests.RuntimeGateRejectsPayloadFromDifferentCourse" methodname="RuntimeGateRejectsPayloadFromDifferentCourse" classname="VectorRush.Tests.AAAImportContractTests" runstate="Runnable" seed="1330326875" result="Passed" start-time="2026-09-17 08:55:06Z" end-time="2026-09-17 08:55:06Z" duration="0.007456" asserts="0">
              <properties>
                <property name="retryIteration" value="0" />
                <property name="repeatIteration" value="0" />
              </properties>
            </test-case>
            <test-case id="1014" name="SharedCourseIdentityMatchesPinnedFloatBitsAcrossJsonSpellings" fullname="VectorRush.Tests.AAAImportContractTests.SharedCourseIdentityMatchesPinnedFloatBitsAcrossJsonSpellings" methodname="SharedCourseIdentityMatchesPinnedFloatBitsAcrossJsonSpellings" classname="VectorRush.Tests.AAAImportContractTests" runstate="Runnable" seed="991778186" result="Passed" start-time="2026-09-17 08:55:06Z" end-time="2026-09-17 08:55:06Z" duration="0.007764" asserts="0">
              <properties>
                <property name="retryIteration" value="0" />
                <property name="repeatIteration" value="0" />
              </properties>
            </test-case>
          </test-suite>
          <test-suite type="TestFixture" id="1018" name="AAAInteractionTests" fullname="VectorRush.Tests.AAAInteractionTests" classname="VectorRush.Tests.AAAInteractionTests" runstate="Runnable" testcasecount="20" result="Passed" start-time="2026-09-17 08:55:06Z" end-time="2026-09-17 08:55:06Z" duration="0.053427" total="20" passed="20" failed="0" inconclusive="0" skipped="0" asserts="0">
            <properties />
            <test-case id="1039" name="CleanupFailureAfterSuccessfulReplaceKeepsTheCommittedImprovement" fullname="VectorRush.Tests.AAAInteractionTests.CleanupFailureAfterSuccessfulReplaceKeepsTheCommittedImprovement" methodname="CleanupFailureAfterSuccessfulReplaceKeepsTheCommittedImprovement" classname="VectorRush.Tests.AAAInteractionTests" runstate="Runnable" seed="16793061" result="Passed" start-time="2026-09-17 08:55:06Z" end-time="2026-09-17 08:55:06Z" duration="0.012276" asserts="0">
              <properties>
                <property name="retryIteration" value="0" />
                <property name="repeatIteration" value="0" />
              </properties>
              <output><![CDATA[Could not clean up personal best temporary file: injected cleanup failure after replace
]]></output>
            </test-case>
            <test-suite type="ParameterizedMethod" id="1037" name="CorruptOrUnsupportedRecordsDoNotEscapeAndCanBeReplaced" fullname="VectorRush.Tests.AAAInteractionTests.CorruptOrUnsupportedRecordsDoNotEscapeAndCanBeReplaced" classname="VectorRush.Tests.AAAInteractionTests" runstate="Runnable" testcasecount="3" result="Passed" start-time="2026-09-17 08:55:06Z" end-time="2026-09-17 08:55:06Z" duration="0.008293" total="3" passed="3" failed="0" inconclusive="0" skipped="0" asserts="0">
              <properties />
              <test-case id="1034" name="CorruptOrUnsupportedRecordsDoNotEscapeAndCanBeReplaced(&quot;{broken&quot;)" fullname="VectorRush.Tests.AAAInteractionTests.CorruptOrUnsupportedRecordsDoNotEscapeAndCanBeReplaced(&quot;{broken&quot;)" methodname="CorruptOrUnsupportedRecordsDoNotEscapeAndCanBeReplaced" classname="VectorRush.Tests.AAAInteractionTests" runstate="Runnable" seed="1630745659" result="Passed" start-time="2026-09-17 08:55:06Z" end-time="2026-09-17 08:55:06Z" duration="0.003164" asserts="0">
                <properties>
                  <property name="retryIteration" value="0" />
                  <property name="repeatIteration" value="0" />
                </properties>
                <output><![CDATA[Race records are malformed and were ignored without modifying the file: JSON parse error: Missing a name for object member.
]]></output>
              </test-case>
              <test-case id="1035" name="CorruptOrUnsupportedRecordsDoNotEscapeAndCanBeReplaced(&quot;{\&quot;version\&quot;:99,\&quot;records\&quot;:[]}&quot;)" fullname="VectorRush.Tests.AAAInteractionTests.CorruptOrUnsupportedRecordsDoNotEscapeAndCanBeReplaced(&quot;{\&quot;version\&quot;:99,\&quot;records\&quot;:[]}&quot;)" methodname="CorruptOrUnsupportedRecordsDoNotEscapeAndCanBeReplaced" classname="VectorRush.Tests.AAAInteractionTests" runstate="Runnable" seed="953950381" result="Passed" start-time="2026-09-17 08:55:06Z" end-time="2026-09-17 08:55:06Z" duration="0.002328" asserts="0">
                <properties>
                  <property name="retryIteration" value="0" />
                  <property name="repeatIteration" value="0" />
                </properties>
              </test-case>
              <test-case id="1036" name="CorruptOrUnsupportedRecordsDoNotEscapeAndCanBeReplaced(&quot;{\&quot;version\&quot;:1,\&quot;records\&quot;:null}&quot;)" fullname="VectorRush.Tests.AAAInteractionTests.CorruptOrUnsupportedRecordsDoNotEscapeAndCanBeReplaced(&quot;{\&quot;version\&quot;:1,\&quot;records\&quot;:null}&quot;)" methodname="CorruptOrUnsupportedRecordsDoNotEscapeAndCanBeReplaced" classname="VectorRush.Tests.AAAInteractionTests" runstate="Runnable" seed="733931518" result="Passed" start-time="2026-09-17 08:55:06Z" end-time="2026-09-17 08:55:06Z" duration="0.002048" asserts="0">
                <properties>
                  <property name="retryIteration" value="0" />
                  <property name="repeatIteration" value="0" />
                </properties>
              </test-case>
            </test-suite>
            <test-suite type="ParameterizedMethod" id="1032" name="DirectorRecordsOnlyEntirelyManualRacesAndResetsEligibilityOnRestart" fullname="VectorRush.Tests.AAAInteractionTests.DirectorRecordsOnlyEntirelyManualRacesAndResetsEligibilityOnRestart" classname="VectorRush.Tests.AAAInteractionTests" runstate="Runnable" testcasecount="5" result="Passed" start-time="2026-09-17 08:55:06Z" end-time="2026-09-17 08:55:06Z" duration="0.017952" total="5" passed="5" failed="0" inconclusive="0" skipped="0" asserts="0">
              <properties />
              <test-case id="1027" name="DirectorRecordsOnlyEntirelyManualRacesAndResetsEligibilityOnRestart(&quot;manual&quot;,False)" fullname="VectorRush.Tests.AAAInteractionTests.DirectorRecordsOnlyEntirelyManualRacesAndResetsEligibilityOnRestart(&quot;manual&quot;,False)" methodname="DirectorRecordsOnlyEntirelyManualRacesAndResetsEligibilityOnRestart" classname="VectorRush.Tests.AAAInteractionTests" runstate="Runnable" seed="1482055070" result="Passed" start-time="2026-09-17 08:55:06Z" end-time="2026-09-17 08:55:06Z" duration="0.005367" asserts="0">
                <properties>
                  <property name="retryIteration" value="0" />
                  <property name="repeatIteration" value="0" />
                </properties>
              </test-case>
              <test-case id="1028" name="DirectorRecordsOnlyEntirelyManualRacesAndResetsEligibilityOnRestart(&quot;start&quot;,True)" fullname="VectorRush.Tests.AAAInteractionTests.DirectorRecordsOnlyEntirelyManualRacesAndResetsEligibilityOnRestart(&quot;start&quot;,True)" methodname="DirectorRecordsOnlyEntirelyManualRacesAndResetsEligibilityOnRestart" classname="VectorRush.Tests.AAAInteractionTests" runstate="Runnable" seed="1550555944" result="Passed" start-time="2026-09-17 08:55:06Z" end-time="2026-09-17 08:55:06Z" duration="0.001057" asserts="0">
                <properties>
                  <property name="retryIteration" value="0" />
                  <property name="repeatIteration" value="0" />
                </properties>
              </test-case>
              <test-case id="1029" name="DirectorRecordsOnlyEntirelyManualRacesAndResetsEligibilityOnRestart(&quot;update&quot;,True)" fullname="VectorRush.Tests.AAAInteractionTests.DirectorRecordsOnlyEntirelyManualRacesAndResetsEligibilityOnRestart(&quot;update&quot;,True)" methodname="DirectorRecordsOnlyEntirelyManualRacesAndResetsEligibilityOnRestart" classname="VectorRush.Tests.AAAInteractionTests" runstate="Runnable" seed="1689394412" result="Passed" start-time="2026-09-17 08:55:06Z" end-time="2026-09-17 08:55:06Z" duration="0.005277" asserts="0">
                <properties>
                  <property name="retryIteration" value="0" />
                  <property name="repeatIteration" value="0" />
                </properties>
              </test-case>
              <test-case id="1030" name="DirectorRecordsOnlyEntirelyManualRacesAndResetsEligibilityOnRestart(&quot;simulation&quot;,True)" fullname="VectorRush.Tests.AAAInteractionTests.DirectorRecordsOnlyEntirelyManualRacesAndResetsEligibilityOnRestart(&quot;simulation&quot;,True)" methodname="DirectorRecordsOnlyEntirelyManualRacesAndResetsEligibilityOnRestart" classname="VectorRush.Tests.AAAInteractionTests" runstate="Runnable" seed="2004158006" result="Passed" start-time="2026-09-17 08:55:06Z" end-time="2026-09-17 08:55:06Z" duration="0.004336" asserts="0">
                <properties>
                  <property name="retryIteration" value="0" />
                  <property name="repeatIteration" value="0" />
                </properties>
              </test-case>
              <test-case id="1031" name="DirectorRecordsOnlyEntirelyManualRacesAndResetsEligibilityOnRestart(&quot;vehicleUpdate&quot;,True)" fullname="VectorRush.Tests.AAAInteractionTests.DirectorRecordsOnlyEntirelyManualRacesAndResetsEligibilityOnRestart(&quot;vehicleUpdate&quot;,True)" methodname="DirectorRecordsOnlyEntirelyManualRacesAndResetsEligibilityOnRestart" classname="VectorRush.Tests.AAAInteractionTests" runstate="Runnable" seed="323102981" result="Passed" start-time="2026-09-17 08:55:06Z" end-time="2026-09-17 08:55:06Z" duration="0.001133" asserts="0">
                <properties>
                  <property name="retryIteration" value="0" />
                  <property name="repeatIteration" value="0" />
                </properties>
              </test-case>
            </test-suite>
            <test-suite type="ParameterizedMethod" id="1026" name="DirectorSamplesCrossingsInTimeoutStepAndFreezesAcceptedOrDNFCraft" fullname="VectorRush.Tests.AAAInteractionTests.DirectorSamplesCrossingsInTimeoutStepAndFreezesAcceptedOrDNFCraft" classname="VectorRush.Tests.AAAInteractionTests" runstate="Runnable" testcasecount="2" result="Passed" start-time="2026-09-17 08:55:06Z" end-time="2026-09-17 08:55:06Z" duration="0.004089" total="2" passed="2" failed="0" inconclusive="0" skipped="0" asserts="0">
              <properties />
              <test-case id="1024" name="DirectorSamplesCrossingsInTimeoutStepAndFreezesAcceptedOrDNFCraft(False)" fullname="VectorRush.Tests.AAAInteractionTests.DirectorSamplesCrossingsInTimeoutStepAndFreezesAcceptedOrDNFCraft(False)" methodname="DirectorSamplesCrossingsInTimeoutStepAndFreezesAcceptedOrDNFCraft" classname="VectorRush.Tests.AAAInteractionTests" runstate="Runnable" seed="1144851173" result="Passed" start-time="2026-09-17 08:55:06Z" end-time="2026-09-17 08:55:06Z" duration="0.002138" asserts="0">
                <properties>
                  <property name="retryIteration" value="0" />
                  <property name="repeatIteration" value="0" />
                </properties>
              </test-case>
              <test-case id="1025" name="DirectorSamplesCrossingsInTimeoutStepAndFreezesAcceptedOrDNFCraft(True)" fullname="VectorRush.Tests.AAAInteractionTests.DirectorSamplesCrossingsInTimeoutStepAndFreezesAcceptedOrDNFCraft(True)" methodname="DirectorSamplesCrossingsInTimeoutStepAndFreezesAcceptedOrDNFCraft" classname="VectorRush.Tests.AAAInteractionTests" runstate="Runnable" seed="1776139694" result="Passed" start-time="2026-09-17 08:55:06Z" end-time="2026-09-17 08:55:06Z" duration="0.001270" asserts="0">
                <properties>
                  <property name="retryIteration" value="0" />
                  <property name="repeatIteration" value="0" />
                </properties>
              </test-case>
            </test-suite>
            <test-case id="1033" name="DuplicateKeysNormalizeToIndependentMinimaAndStayNormalizedAfterImprovement" fullname="VectorRush.Tests.AAAInteractionTests.DuplicateKeysNormalizeToIndependentMinimaAndStayNormalizedAfterImprovement" methodname="DuplicateKeysNormalizeToIndependentMinimaAndStayNormalizedAfterImprovement" classname="VectorRush.Tests.AAAInteractionTests" runstate="Runnable" seed="915661497" result="Passed" start-time="2026-09-17 08:55:06Z" end-time="2026-09-17 08:55:06Z" duration="0.002717" asserts="0">
              <properties>
                <property name="retryIteration" value="0" />
                <property name="repeatIteration" value="0" />
              </properties>
            </test-case>
            <test-case id="1023" name="ExactDeadlineClockStillAcceptsCrossingBeforeFinalization" fullname="VectorRush.Tests.AAAInteractionTests.ExactDeadlineClockStillAcceptsCrossingBeforeFinalization" methodname="ExactDeadlineClockStillAcceptsCrossingBeforeFinalization" classname="VectorRush.Tests.AAAInteractionTests" runstate="Runnable" seed="247365659" result="Passed" start-time="2026-09-17 08:55:06Z" end-time="2026-09-17 08:55:06Z" duration="0.000564" asserts="0">
              <properties>
                <property name="retryIteration" value="0" />
                <property name="repeatIteration" value="0" />
              </properties>
            </test-case>
            <test-suite type="ParameterizedMethod" id="1043" name="MenuGUIKeyEventClassifierConsumesActivationKeys" fullname="VectorRush.Tests.AAAInteractionTests.MenuGUIKeyEventClassifierConsumesActivationKeys" classname="VectorRush.Tests.AAAInteractionTests" runstate="Runnable" testcasecount="3" result="Passed" start-time="2026-09-17 08:55:06Z" end-time="2026-09-17 08:55:06Z" duration="0.001411" total="3" passed="3" failed="0" inconclusive="0" skipped="0" asserts="0">
              <properties />
              <test-case id="1040" name="MenuGUIKeyEventClassifierConsumesActivationKeys(Return)" fullname="VectorRush.Tests.AAAInteractionTests.MenuGUIKeyEventClassifierConsumesActivationKeys(Return)" methodname="MenuGUIKeyEventClassifierConsumesActivationKeys" classname="VectorRush.Tests.AAAInteractionTests" runstate="Runnable" seed="1258669419" result="Passed" start-time="2026-09-17 08:55:06Z" end-time="2026-09-17 08:55:06Z" duration="0.000718" asserts="0">
                <properties>
                  <property name="retryIteration" value="0" />
                  <property name="repeatIteration" value="0" />
                </properties>
              </test-case>
              <test-case id="1041" name="MenuGUIKeyEventClassifierConsumesActivationKeys(Space)" fullname="VectorRush.Tests.AAAInteractionTests.MenuGUIKeyEventClassifierConsumesActivationKeys(Space)" methodname="MenuGUIKeyEventClassifierConsumesActivationKeys" classname="VectorRush.Tests.AAAInteractionTests" runstate="Runnable" seed="1430176095" result="Passed" start-time="2026-09-17 08:55:06Z" end-time="2026-09-17 08:55:06Z" duration="0.000046" asserts="0">
                <properties>
                  <property name="retryIteration" value="0" />
                  <property name="repeatIteration" value="0" />
                </properties>
              </test-case>
              <test-case id="1042" name="MenuGUIKeyEventClassifierConsumesActivationKeys(KeypadEnter)" fullname="VectorRush.Tests.AAAInteractionTests.MenuGUIKeyEventClassifierConsumesActivationKeys(KeypadEnter)" methodname="MenuGUIKeyEventClassifierConsumesActivationKeys" classname="VectorRush.Tests.AAAInteractionTests" runstate="Runnable" seed="1278077691" result="Passed" start-time="2026-09-17 08:55:06Z" end-time="2026-09-17 08:55:06Z" duration="0.000026" asserts="0">
                <properties>
                  <property name="retryIteration" value="0" />
                  <property name="repeatIteration" value="0" />
                </properties>
              </test-case>
            </test-suite>
            <test-suite type="ParameterizedMethod" id="1022" name="TimeoutStepAdjudicatesCrossingBeforeAtAndAfterDeadline" fullname="VectorRush.Tests.AAAInteractionTests.TimeoutStepAdjudicatesCrossingBeforeAtAndAfterDeadline" classname="VectorRush.Tests.AAAInteractionTests" runstate="Runnable" testcasecount="3" result="Passed" start-time="2026-09-17 08:55:06Z" end-time="2026-09-17 08:55:06Z" duration="0.001002" total="3" passed="3" failed="0" inconclusive="0" skipped="0" asserts="0">
              <properties />
              <test-case id="1019" name="TimeoutStepAdjudicatesCrossingBeforeAtAndAfterDeadline(69.999f,True)" fullname="VectorRush.Tests.AAAInteractionTests.TimeoutStepAdjudicatesCrossingBeforeAtAndAfterDeadline(69.999f,True)" methodname="TimeoutStepAdjudicatesCrossingBeforeAtAndAfterDeadline" classname="VectorRush.Tests.AAAInteractionTests" runstate="Runnable" seed="909124577" result="Passed" start-time="2026-09-17 08:55:06Z" end-time="2026-09-17 08:55:06Z" duration="0.000448" asserts="0">
                <properties>
                  <property name="retryIteration" value="0" />
                  <property name="repeatIteration" value="0" />
                </properties>
              </test-case>
              <test-case id="1020" name="TimeoutStepAdjudicatesCrossingBeforeAtAndAfterDeadline(70.0f,True)" fullname="VectorRush.Tests.AAAInteractionTests.TimeoutStepAdjudicatesCrossingBeforeAtAndAfterDeadline(70.0f,True)" methodname="TimeoutStepAdjudicatesCrossingBeforeAtAndAfterDeadline" classname="VectorRush.Tests.AAAInteractionTests" runstate="Runnable" seed="208151463" result="Passed" start-time="2026-09-17 08:55:06Z" end-time="2026-09-17 08:55:06Z" duration="0.000042" asserts="0">
                <properties>
                  <property name="retryIteration" value="0" />
                  <property name="repeatIteration" value="0" />
                </properties>
              </test-case>
              <test-case id="1021" name="TimeoutStepAdjudicatesCrossingBeforeAtAndAfterDeadline(70.001f,False)" fullname="VectorRush.Tests.AAAInteractionTests.TimeoutStepAdjudicatesCrossingBeforeAtAndAfterDeadline(70.001f,False)" methodname="TimeoutStepAdjudicatesCrossingBeforeAtAndAfterDeadline" classname="VectorRush.Tests.AAAInteractionTests" runstate="Runnable" seed="1685315195" result="Passed" start-time="2026-09-17 08:55:06Z" end-time="2026-09-17 08:55:06Z" duration="0.000033" asserts="0">
                <properties>
                  <property name="retryIteration" value="0" />
                  <property name="repeatIteration" value="0" />
                </properties>
              </test-case>
            </test-suite>
            <test-case id="1038" name="WriteAndCleanupFailurePreserveOldRecordsAndDoNotInterruptResults" fullname="VectorRush.Tests.AAAInteractionTests.WriteAndCleanupFailurePreserveOldRecordsAndDoNotInterruptResults" methodname="WriteAndCleanupFailurePreserveOldRecordsAndDoNotInterruptResults" classname="VectorRush.Tests.AAAInteractionTests" runstate="Runnable" seed="1379537276" result="Passed" start-time="2026-09-17 08:55:06Z" end-time="2026-09-17 08:55:06Z" duration="0.003853" asserts="0">
              <properties>
                <property name="retryIteration" value="0" />
                <property name="repeatIteration" value="0" />
              </properties>
              <output><![CDATA[Could not save personal best: injected write failure
Could not clean up personal best temporary file: injected cleanup failure
]]></output>
            </test-case>
          </test-suite>
          <test-suite type="TestFixture" id="1044" name="AAASettingsInputTests" fullname="VectorRush.Tests.AAASettingsInputTests" classname="VectorRush.Tests.AAASettingsInputTests" runstate="Runnable" testcasecount="27" result="Passed" start-time="2026-09-17 08:55:06Z" end-time="2026-09-17 08:55:06Z" duration="0.062796" total="27" passed="27" failed="0" inconclusive="0" skipped="0" asserts="0">
            <properties />
            <test-case id="1073" name="BackActivationAndReopenResetPendingBinding" fullname="VectorRush.Tests.AAASettingsInputTests.BackActivationAndReopenResetPendingBinding" methodname="BackActivationAndReopenResetPendingBinding" classname="VectorRush.Tests.AAASettingsInputTests" runstate="Runnable" seed="1938407828" result="Passed" start-time="2026-09-17 08:55:06Z" end-time="2026-09-17 08:55:06Z" duration="0.007821" asserts="0">
              <properties>
                <property name="retryIteration" value="0" />
                <property name="repeatIteration" value="0" />
              </properties>
            </test-case>
            <test-suite type="ParameterizedMethod" id="1061" name="ClosingSettingsCannotActivateUnderlyingMenuInEitherUpdateOrder" fullname="VectorRush.Tests.AAASettingsInputTests.ClosingSettingsCannotActivateUnderlyingMenuInEitherUpdateOrder" classname="VectorRush.Tests.AAASettingsInputTests" runstate="Runnable" testcasecount="16" result="Passed" start-time="2026-09-17 08:55:06Z" end-time="2026-09-17 08:55:06Z" duration="0.032018" total="16" passed="16" failed="0" inconclusive="0" skipped="0" asserts="0">
              <properties />
              <test-case id="1045" name="ClosingSettingsCannotActivateUnderlyingMenuInEitherUpdateOrder(True,True,Menu,0)" fullname="VectorRush.Tests.AAASettingsInputTests.ClosingSettingsCannotActivateUnderlyingMenuInEitherUpdateOrder(True,True,Menu,0)" methodname="ClosingSettingsCannotActivateUnderlyingMenuInEitherUpdateOrder" classname="VectorRush.Tests.AAASettingsInputTests" runstate="Runnable" seed="1028169169" result="Passed" start-time="2026-09-17 08:55:06Z" end-time="2026-09-17 08:55:06Z" duration="0.005222" asserts="0">
                <properties>
                  <property name="retryIteration" value="0" />
                  <property name="repeatIteration" value="0" />
                </properties>
              </test-case>
              <test-case id="1046" name="ClosingSettingsCannotActivateUnderlyingMenuInEitherUpdateOrder(False,True,Menu,0)" fullname="VectorRush.Tests.AAASettingsInputTests.ClosingSettingsCannotActivateUnderlyingMenuInEitherUpdateOrder(False,True,Menu,0)" methodname="ClosingSettingsCannotActivateUnderlyingMenuInEitherUpdateOrder" classname="VectorRush.Tests.AAASettingsInputTests" runstate="Runnable" seed="1815070642" result="Passed" start-time="2026-09-17 08:55:06Z" end-time="2026-09-17 08:55:06Z" duration="0.001524" asserts="0">
                <properties>
                  <property name="retryIteration" value="0" />
                  <property name="repeatIteration" value="0" />
                </properties>
              </test-case>
              <test-case id="1047" name="ClosingSettingsCannotActivateUnderlyingMenuInEitherUpdateOrder(True,False,Menu,0)" fullname="VectorRush.Tests.AAASettingsInputTests.ClosingSettingsCannotActivateUnderlyingMenuInEitherUpdateOrder(True,False,Menu,0)" methodname="ClosingSettingsCannotActivateUnderlyingMenuInEitherUpdateOrder" classname="VectorRush.Tests.AAASettingsInputTests" runstate="Runnable" seed="1885750739" result="Passed" start-time="2026-09-17 08:55:06Z" end-time="2026-09-17 08:55:06Z" duration="0.001243" asserts="0">
                <properties>
                  <property name="retryIteration" value="0" />
                  <property name="repeatIteration" value="0" />
                </properties>
              </test-case>
              <test-case id="1048" name="ClosingSettingsCannotActivateUnderlyingMenuInEitherUpdateOrder(False,False,Menu,0)" fullname="VectorRush.Tests.AAASettingsInputTests.ClosingSettingsCannotActivateUnderlyingMenuInEitherUpdateOrder(False,False,Menu,0)" methodname="ClosingSettingsCannotActivateUnderlyingMenuInEitherUpdateOrder" classname="VectorRush.Tests.AAASettingsInputTests" runstate="Runnable" seed="136251875" result="Passed" start-time="2026-09-17 08:55:06Z" end-time="2026-09-17 08:55:06Z" duration="0.001227" asserts="0">
                <properties>
                  <property name="retryIteration" value="0" />
                  <property name="repeatIteration" value="0" />
                </properties>
              </test-case>
              <test-case id="1049" name="ClosingSettingsCannotActivateUnderlyingMenuInEitherUpdateOrder(True,True,Paused,0)" fullname="VectorRush.Tests.AAASettingsInputTests.ClosingSettingsCannotActivateUnderlyingMenuInEitherUpdateOrder(True,True,Paused,0)" methodname="ClosingSettingsCannotActivateUnderlyingMenuInEitherUpdateOrder" classname="VectorRush.Tests.AAASettingsInputTests" runstate="Runnable" seed="1931508629" result="Passed" start-time="2026-09-17 08:55:06Z" end-time="2026-09-17 08:55:06Z" duration="0.001589" asserts="0">
                <properties>
                  <property name="retryIteration" value="0" />
                  <property name="repeatIteration" value="0" />
                </properties>
              </test-case>
              <test-case id="1050" name="ClosingSettingsCannotActivateUnderlyingMenuInEitherUpdateOrder(False,True,Paused,0)" fullname="VectorRush.Tests.AAASettingsInputTests.ClosingSettingsCannotActivateUnderlyingMenuInEitherUpdateOrder(False,True,Paused,0)" methodname="ClosingSettingsCannotActivateUnderlyingMenuInEitherUpdateOrder" classname="VectorRush.Tests.AAASettingsInputTests" runstate="Runnable" seed="1218583562" result="Passed" start-time="2026-09-17 08:55:06Z" end-time="2026-09-17 08:55:06Z" duration="0.001568" asserts="0">
                <properties>
                  <property name="retryIteration" value="0" />
                  <property name="repeatIteration" value="0" />
                </properties>
              </test-case>
              <test-case id="1051" name="ClosingSettingsCannotActivateUnderlyingMenuInEitherUpdateOrder(True,False,Paused,0)" fullname="VectorRush.Tests.AAASettingsInputTests.ClosingSettingsCannotActivateUnderlyingMenuInEitherUpdateOrder(True,False,Paused,0)" methodname="ClosingSettingsCannotActivateUnderlyingMenuInEitherUpdateOrder" classname="VectorRush.Tests.AAASettingsInputTests" runstate="Runnable" seed="1113782727" result="Passed" start-time="2026-09-17 08:55:06Z" end-time="2026-09-17 08:55:06Z" duration="0.001511" asserts="0">
                <properties>
                  <property name="retryIteration" value="0" />
                  <property name="repeatIteration" value="0" />
                </properties>
              </test-case>
              <test-case id="1052" name="ClosingSettingsCannotActivateUnderlyingMenuInEitherUpdateOrder(False,False,Paused,0)" fullname="VectorRush.Tests.AAASettingsInputTests.ClosingSettingsCannotActivateUnderlyingMenuInEitherUpdateOrder(False,False,Paused,0)" methodname="ClosingSettingsCannotActivateUnderlyingMenuInEitherUpdateOrder" classname="VectorRush.Tests.AAASettingsInputTests" runstate="Runnable" seed="1843151047" result="Passed" start-time="2026-09-17 08:55:06Z" end-time="2026-09-17 08:55:06Z" duration="0.001507" asserts="0">
                <properties>
                  <property name="retryIteration" value="0" />
                  <property name="repeatIteration" value="0" />
                </properties>
              </test-case>
              <test-case id="1053" name="ClosingSettingsCannotActivateUnderlyingMenuInEitherUpdateOrder(True,True,Paused,1)" fullname="VectorRush.Tests.AAASettingsInputTests.ClosingSettingsCannotActivateUnderlyingMenuInEitherUpdateOrder(True,True,Paused,1)" methodname="ClosingSettingsCannotActivateUnderlyingMenuInEitherUpdateOrder" classname="VectorRush.Tests.AAASettingsInputTests" runstate="Runnable" seed="800466139" result="Passed" start-time="2026-09-17 08:55:06Z" end-time="2026-09-17 08:55:06Z" duration="0.001675" asserts="0">
                <properties>
                  <property name="retryIteration" value="0" />
                  <property name="repeatIteration" value="0" />
                </properties>
              </test-case>
              <test-case id="1054" name="ClosingSettingsCannotActivateUnderlyingMenuInEitherUpdateOrder(False,True,Paused,1)" fullname="VectorRush.Tests.AAASettingsInputTests.ClosingSettingsCannotActivateUnderlyingMenuInEitherUpdateOrder(False,True,Paused,1)" methodname="ClosingSettingsCannotActivateUnderlyingMenuInEitherUpdateOrder" classname="VectorRush.Tests.AAASettingsInputTests" runstate="Runnable" seed="636679483" result="Passed" start-time="2026-09-17 08:55:06Z" end-time="2026-09-17 08:55:06Z" duration="0.004952" asserts="0">
                <properties>
                  <property name="retryIteration" value="0" />
                  <property name="repeatIteration" value="0" />
                </properties>
              </test-case>
              <test-case id="1055" name="ClosingSettingsCannotActivateUnderlyingMenuInEitherUpdateOrder(True,False,Paused,1)" fullname="VectorRush.Tests.AAASettingsInputTests.ClosingSettingsCannotActivateUnderlyingMenuInEitherUpdateOrder(True,False,Paused,1)" methodname="ClosingSettingsCannotActivateUnderlyingMenuInEitherUpdateOrder" classname="VectorRush.Tests.AAASettingsInputTests" runstate="Runnable" seed="156081274" result="Passed" start-time="2026-09-17 08:55:06Z" end-time="2026-09-17 08:55:06Z" duration="0.001511" asserts="0">
                <properties>
                  <property name="retryIteration" value="0" />
                  <property name="repeatIteration" value="0" />
                </properties>
              </test-case>
              <test-case id="1056" name="ClosingSettingsCannotActivateUnderlyingMenuInEitherUpdateOrder(False,False,Paused,1)" fullname="VectorRush.Tests.AAASettingsInputTests.ClosingSettingsCannotActivateUnderlyingMenuInEitherUpdateOrder(False,False,Paused,1)" methodname="ClosingSettingsCannotActivateUnderlyingMenuInEitherUpdateOrder" classname="VectorRush.Tests.AAASettingsInputTests" runstate="Runnable" seed="85847196" result="Passed" start-time="2026-09-17 08:55:06Z" end-time="2026-09-17 08:55:06Z" duration="0.001304" asserts="0">
                <properties>
                  <property name="retryIteration" value="0" />
                  <property name="repeatIteration" value="0" />
                </properties>
              </test-case>
              <test-case id="1057" name="ClosingSettingsCannotActivateUnderlyingMenuInEitherUpdateOrder(True,True,Finished,0)" fullname="VectorRush.Tests.AAASettingsInputTests.ClosingSettingsCannotActivateUnderlyingMenuInEitherUpdateOrder(True,True,Finished,0)" methodname="ClosingSettingsCannotActivateUnderlyingMenuInEitherUpdateOrder" classname="VectorRush.Tests.AAASettingsInputTests" runstate="Runnable" seed="823209637" result="Passed" start-time="2026-09-17 08:55:06Z" end-time="2026-09-17 08:55:06Z" duration="0.001453" asserts="0">
                <properties>
                  <property name="retryIteration" value="0" />
                  <property name="repeatIteration" value="0" />
                </properties>
              </test-case>
              <test-case id="1058" name="ClosingSettingsCannotActivateUnderlyingMenuInEitherUpdateOrder(False,True,Finished,0)" fullname="VectorRush.Tests.AAASettingsInputTests.ClosingSettingsCannotActivateUnderlyingMenuInEitherUpdateOrder(False,True,Finished,0)" methodname="ClosingSettingsCannotActivateUnderlyingMenuInEitherUpdateOrder" classname="VectorRush.Tests.AAASettingsInputTests" runstate="Runnable" seed="567584641" result="Passed" start-time="2026-09-17 08:55:06Z" end-time="2026-09-17 08:55:06Z" duration="0.001385" asserts="0">
                <properties>
                  <property name="retryIteration" value="0" />
                  <property name="repeatIteration" value="0" />
                </properties>
              </test-case>
              <test-case id="1059" name="ClosingSettingsCannotActivateUnderlyingMenuInEitherUpdateOrder(True,False,Finished,0)" fullname="VectorRush.Tests.AAASettingsInputTests.ClosingSettingsCannotActivateUnderlyingMenuInEitherUpdateOrder(True,False,Finished,0)" methodname="ClosingSettingsCannotActivateUnderlyingMenuInEitherUpdateOrder" classname="VectorRush.Tests.AAASettingsInputTests" runstate="Runnable" seed="1881076013" result="Passed" start-time="2026-09-17 08:55:06Z" end-time="2026-09-17 08:55:06Z" duration="0.001396" asserts="0">
                <properties>
                  <property name="retryIteration" value="0" />
                  <property name="repeatIteration" value="0" />
                </properties>
              </test-case>
              <test-case id="1060" name="ClosingSettingsCannotActivateUnderlyingMenuInEitherUpdateOrder(False,False,Finished,0)" fullname="VectorRush.Tests.AAASettingsInputTests.ClosingSettingsCannotActivateUnderlyingMenuInEitherUpdateOrder(False,False,Finished,0)" methodname="ClosingSettingsCannotActivateUnderlyingMenuInEitherUpdateOrder" classname="VectorRush.Tests.AAASettingsInputTests" runstate="Runnable" seed="1890874862" result="Passed" start-time="2026-09-17 08:55:06Z" end-time="2026-09-17 08:55:06Z" duration="0.001320" asserts="0">
                <properties>
                  <property name="retryIteration" value="0" />
                  <property name="repeatIteration" value="0" />
                </properties>
              </test-case>
            </test-suite>
            <test-suite type="ParameterizedMethod" id="1069" name="ControllerBCancelsEachRebindingBeforeClosingPanel" fullname="VectorRush.Tests.AAASettingsInputTests.ControllerBCancelsEachRebindingBeforeClosingPanel" classname="VectorRush.Tests.AAASettingsInputTests" runstate="Runnable" testcasecount="2" result="Passed" start-time="2026-09-17 08:55:06Z" end-time="2026-09-17 08:55:06Z" duration="0.007557" total="2" passed="2" failed="0" inconclusive="0" skipped="0" asserts="0">
              <properties />
              <test-case id="1067" name="ControllerBCancelsEachRebindingBeforeClosingPanel(True)" fullname="VectorRush.Tests.AAASettingsInputTests.ControllerBCancelsEachRebindingBeforeClosingPanel(True)" methodname="ControllerBCancelsEachRebindingBeforeClosingPanel" classname="VectorRush.Tests.AAASettingsInputTests" runstate="Runnable" seed="427423929" result="Passed" start-time="2026-09-17 08:55:06Z" end-time="2026-09-17 08:55:06Z" duration="0.003728" asserts="0">
                <properties>
                  <property name="retryIteration" value="0" />
                  <property name="repeatIteration" value="0" />
                </properties>
              </test-case>
              <test-case id="1068" name="ControllerBCancelsEachRebindingBeforeClosingPanel(False)" fullname="VectorRush.Tests.AAASettingsInputTests.ControllerBCancelsEachRebindingBeforeClosingPanel(False)" methodname="ControllerBCancelsEachRebindingBeforeClosingPanel" classname="VectorRush.Tests.AAASettingsInputTests" runstate="Runnable" seed="337984603" result="Passed" start-time="2026-09-17 08:55:06Z" end-time="2026-09-17 08:55:06Z" duration="0.003209" asserts="0">
                <properties>
                  <property name="retryIteration" value="0" />
                  <property name="repeatIteration" value="0" />
                </properties>
              </test-case>
            </test-suite>
            <test-suite type="ParameterizedMethod" id="1076" name="ControllerToggleCloseAndReopenCannotRetainBindingCapture" fullname="VectorRush.Tests.AAASettingsInputTests.ControllerToggleCloseAndReopenCannotRetainBindingCapture" classname="VectorRush.Tests.AAASettingsInputTests" runstate="Runnable" testcasecount="2" result="Passed" start-time="2026-09-17 08:55:06Z" end-time="2026-09-17 08:55:06Z" duration="0.004049" total="2" passed="2" failed="0" inconclusive="0" skipped="0" asserts="0">
              <properties />
              <test-case id="1074" name="ControllerToggleCloseAndReopenCannotRetainBindingCapture(True)" fullname="VectorRush.Tests.AAASettingsInputTests.ControllerToggleCloseAndReopenCannotRetainBindingCapture(True)" methodname="ControllerToggleCloseAndReopenCannotRetainBindingCapture" classname="VectorRush.Tests.AAASettingsInputTests" runstate="Runnable" seed="138192214" result="Passed" start-time="2026-09-17 08:55:06Z" end-time="2026-09-17 08:55:06Z" duration="0.001877" asserts="0">
                <properties>
                  <property name="retryIteration" value="0" />
                  <property name="repeatIteration" value="0" />
                </properties>
              </test-case>
              <test-case id="1075" name="ControllerToggleCloseAndReopenCannotRetainBindingCapture(False)" fullname="VectorRush.Tests.AAASettingsInputTests.ControllerToggleCloseAndReopenCannotRetainBindingCapture(False)" methodname="ControllerToggleCloseAndReopenCannotRetainBindingCapture" classname="VectorRush.Tests.AAASettingsInputTests" runstate="Runnable" seed="1804309770" result="Passed" start-time="2026-09-17 08:55:06Z" end-time="2026-09-17 08:55:06Z" duration="0.001481" asserts="0">
                <properties>
                  <property name="retryIteration" value="0" />
                  <property name="repeatIteration" value="0" />
                </properties>
              </test-case>
            </test-suite>
            <test-suite type="ParameterizedMethod" id="1072" name="EscapeCancelsBindingThenClosesWithoutResumingEvenWhenDirectorRunsFirst" fullname="VectorRush.Tests.AAASettingsInputTests.EscapeCancelsBindingThenClosesWithoutResumingEvenWhenDirectorRunsFirst" classname="VectorRush.Tests.AAASettingsInputTests" runstate="Runnable" testcasecount="2" result="Passed" start-time="2026-09-17 08:55:06Z" end-time="2026-09-17 08:55:06Z" duration="0.003307" total="2" passed="2" failed="0" inconclusive="0" skipped="0" asserts="0">
              <properties />
              <test-case id="1070" name="EscapeCancelsBindingThenClosesWithoutResumingEvenWhenDirectorRunsFirst(True)" fullname="VectorRush.Tests.AAASettingsInputTests.EscapeCancelsBindingThenClosesWithoutResumingEvenWhenDirectorRunsFirst(True)" methodname="EscapeCancelsBindingThenClosesWithoutResumingEvenWhenDirectorRunsFirst" classname="VectorRush.Tests.AAASettingsInputTests" runstate="Runnable" seed="1282014090" result="Passed" start-time="2026-09-17 08:55:06Z" end-time="2026-09-17 08:55:06Z" duration="0.001581" asserts="0">
                <properties>
                  <property name="retryIteration" value="0" />
                  <property name="repeatIteration" value="0" />
                </properties>
              </test-case>
              <test-case id="1071" name="EscapeCancelsBindingThenClosesWithoutResumingEvenWhenDirectorRunsFirst(False)" fullname="VectorRush.Tests.AAASettingsInputTests.EscapeCancelsBindingThenClosesWithoutResumingEvenWhenDirectorRunsFirst(False)" methodname="EscapeCancelsBindingThenClosesWithoutResumingEvenWhenDirectorRunsFirst" classname="VectorRush.Tests.AAASettingsInputTests" runstate="Runnable" seed="540170011" result="Passed" start-time="2026-09-17 08:55:06Z" end-time="2026-09-17 08:55:06Z" duration="0.001281" asserts="0">
                <properties>
                  <property name="retryIteration" value="0" />
                  <property name="repeatIteration" value="0" />
                </properties>
              </test-case>
            </test-suite>
            <test-suite type="ParameterizedMethod" id="1066" name="OpeningSettingsOwnsSimultaneousAcceptInEitherUpdateOrder" fullname="VectorRush.Tests.AAASettingsInputTests.OpeningSettingsOwnsSimultaneousAcceptInEitherUpdateOrder" classname="VectorRush.Tests.AAASettingsInputTests" runstate="Runnable" testcasecount="4" result="Passed" start-time="2026-09-17 08:55:06Z" end-time="2026-09-17 08:55:06Z" duration="0.006781" total="4" passed="4" failed="0" inconclusive="0" skipped="0" asserts="0">
              <properties />
              <test-case id="1062" name="OpeningSettingsOwnsSimultaneousAcceptInEitherUpdateOrder(True,True)" fullname="VectorRush.Tests.AAASettingsInputTests.OpeningSettingsOwnsSimultaneousAcceptInEitherUpdateOrder(True,True)" methodname="OpeningSettingsOwnsSimultaneousAcceptInEitherUpdateOrder" classname="VectorRush.Tests.AAASettingsInputTests" runstate="Runnable" seed="639350049" result="Passed" start-time="2026-09-17 08:55:06Z" end-time="2026-09-17 08:55:06Z" duration="0.001875" asserts="0">
                <properties>
                  <property name="retryIteration" value="0" />
                  <property name="repeatIteration" value="0" />
                </properties>
              </test-case>
              <test-case id="1063" name="OpeningSettingsOwnsSimultaneousAcceptInEitherUpdateOrder(False,True)" fullname="VectorRush.Tests.AAASettingsInputTests.OpeningSettingsOwnsSimultaneousAcceptInEitherUpdateOrder(False,True)" methodname="OpeningSettingsOwnsSimultaneousAcceptInEitherUpdateOrder" classname="VectorRush.Tests.AAASettingsInputTests" runstate="Runnable" seed="837974464" result="Passed" start-time="2026-09-17 08:55:06Z" end-time="2026-09-17 08:55:06Z" duration="0.001399" asserts="0">
                <properties>
                  <property name="retryIteration" value="0" />
                  <property name="repeatIteration" value="0" />
                </properties>
              </test-case>
              <test-case id="1064" name="OpeningSettingsOwnsSimultaneousAcceptInEitherUpdateOrder(True,False)" fullname="VectorRush.Tests.AAASettingsInputTests.OpeningSettingsOwnsSimultaneousAcceptInEitherUpdateOrder(True,False)" methodname="OpeningSettingsOwnsSimultaneousAcceptInEitherUpdateOrder" classname="VectorRush.Tests.AAASettingsInputTests" runstate="Runnable" seed="813796628" result="Passed" start-time="2026-09-17 08:55:06Z" end-time="2026-09-17 08:55:06Z" duration="0.001453" asserts="0">
                <properties>
                  <property name="retryIteration" value="0" />
                  <property name="repeatIteration" value="0" />
                </properties>
              </test-case>
              <test-case id="1065" name="OpeningSettingsOwnsSimultaneousAcceptInEitherUpdateOrder(False,False)" fullname="VectorRush.Tests.AAASettingsInputTests.OpeningSettingsOwnsSimultaneousAcceptInEitherUpdateOrder(False,False)" methodname="OpeningSettingsOwnsSimultaneousAcceptInEitherUpdateOrder" classname="VectorRush.Tests.AAASettingsInputTests" runstate="Runnable" seed="363495576" result="Passed" start-time="2026-09-17 08:55:06Z" end-time="2026-09-17 08:55:06Z" duration="0.001301" asserts="0">
                <properties>
                  <property name="retryIteration" value="0" />
                  <property name="repeatIteration" value="0" />
                </properties>
              </test-case>
            </test-suite>
          </test-suite>
          <test-suite type="TestFixture" id="1077" name="AIPursuitTests" fullname="VectorRush.Tests.AIPursuitTests" classname="VectorRush.Tests.AIPursuitTests" runstate="Runnable" testcasecount="5" result="Passed" start-time="2026-09-17 08:55:06Z" end-time="2026-09-17 08:55:06Z" duration="0.002448" total="5" passed="5" failed="0" inconclusive="0" skipped="0" asserts="0">
            <properties />
            <test-case id="1081" name="LeftHandCircleRequestsNegativeYaw" fullname="VectorRush.Tests.AIPursuitTests.LeftHandCircleRequestsNegativeYaw" methodname="LeftHandCircleRequestsNegativeYaw" classname="VectorRush.Tests.AIPursuitTests" runstate="Runnable" seed="52515976" result="Passed" start-time="2026-09-17 08:55:06Z" end-time="2026-09-17 08:55:06Z" duration="0.000355" asserts="0">
              <properties>
                <property name="retryIteration" value="0" />
                <property name="repeatIteration" value="0" />
              </properties>
            </test-case>
            <test-suite type="ParameterizedMethod" id="1080" name="SameRadiusRequestsTheRequiredYawAtDifferentSpeeds" fullname="VectorRush.Tests.AIPursuitTests.SameRadiusRequestsTheRequiredYawAtDifferentSpeeds" classname="VectorRush.Tests.AIPursuitTests" runstate="Runnable" testcasecount="2" result="Passed" start-time="2026-09-17 08:55:06Z" end-time="2026-09-17 08:55:06Z" duration="0.000462" total="2" passed="2" failed="0" inconclusive="0" skipped="0" asserts="0">
              <properties />
              <test-case id="1078" name="SameRadiusRequestsTheRequiredYawAtDifferentSpeeds(40.0f,0.4f)" fullname="VectorRush.Tests.AIPursuitTests.SameRadiusRequestsTheRequiredYawAtDifferentSpeeds(40.0f,0.4f)" methodname="SameRadiusRequestsTheRequiredYawAtDifferentSpeeds" classname="VectorRush.Tests.AIPursuitTests" runstate="Runnable" seed="660186401" result="Passed" start-time="2026-09-17 08:55:06Z" end-time="2026-09-17 08:55:06Z" duration="0.000137" asserts="0">
                <properties>
                  <property name="retryIteration" value="0" />
                  <property name="repeatIteration" value="0" />
                </properties>
              </test-case>
              <test-case id="1079" name="SameRadiusRequestsTheRequiredYawAtDifferentSpeeds(60.0f,0.6f)" fullname="VectorRush.Tests.AIPursuitTests.SameRadiusRequestsTheRequiredYawAtDifferentSpeeds(60.0f,0.6f)" methodname="SameRadiusRequestsTheRequiredYawAtDifferentSpeeds" classname="VectorRush.Tests.AIPursuitTests" runstate="Runnable" seed="1966221986" result="Passed" start-time="2026-09-17 08:55:06Z" end-time="2026-09-17 08:55:06Z" duration="0.000020" asserts="0">
                <properties>
                  <property name="retryIteration" value="0" />
                  <property name="repeatIteration" value="0" />
                </properties>
              </test-case>
            </test-suite>
            <test-case id="1083" name="SharpCorrectionStaysWithinSteeringRange" fullname="VectorRush.Tests.AIPursuitTests.SharpCorrectionStaysWithinSteeringRange" methodname="SharpCorrectionStaysWithinSteeringRange" classname="VectorRush.Tests.AIPursuitTests" runstate="Runnable" seed="685305257" result="Passed" start-time="2026-09-17 08:55:06Z" end-time="2026-09-17 08:55:06Z" duration="0.000574" asserts="0">
              <properties>
                <property name="retryIteration" value="0" />
                <property name="repeatIteration" value="0" />
              </properties>
            </test-case>
            <test-case id="1082" name="SlowTurnAccountsForReducedSteeringAuthority" fullname="VectorRush.Tests.AIPursuitTests.SlowTurnAccountsForReducedSteeringAuthority" methodname="SlowTurnAccountsForReducedSteeringAuthority" classname="VectorRush.Tests.AIPursuitTests" runstate="Runnable" seed="1635698080" result="Passed" start-time="2026-09-17 08:55:06Z" end-time="2026-09-17 08:55:06Z" duration="0.000068" asserts="0">
              <properties>
                <property name="retryIteration" value="0" />
                <property name="repeatIteration" value="0" />
              </properties>
            </test-case>
          </test-suite>
          <test-suite type="TestFixture" id="1084" name="ArcadeHudTests" fullname="VectorRush.Tests.ArcadeHudTests" classname="VectorRush.Tests.ArcadeHudTests" runstate="Runnable" testcasecount="12" result="Passed" start-time="2026-09-17 08:55:06Z" end-time="2026-09-17 08:55:06Z" duration="0.015627" total="12" passed="12" failed="0" inconclusive="0" skipped="0" asserts="0">
            <properties />
            <test-case id="1086" name="BoostIntensityRisesWithSpeedAndIsGated" fullname="VectorRush.Tests.ArcadeHudTests.BoostIntensityRisesWithSpeedAndIsGated" methodname="BoostIntensityRisesWithSpeedAndIsGated" classname="VectorRush.Tests.ArcadeHudTests" runstate="Runnable" seed="1274488727" result="Passed" start-time="2026-09-17 08:55:06Z" end-time="2026-09-17 08:55:06Z" duration="0.000165" asserts="0">
              <properties>
                <property name="retryIteration" value="0" />
                <property name="repeatIteration" value="0" />
              </properties>
            </test-case>
            <test-case id="1087" name="BoostSettlesAndAccessibilitySuppressesImmediately" fullname="VectorRush.Tests.ArcadeHudTests.BoostSettlesAndAccessibilitySuppressesImmediately" methodname="BoostSettlesAndAccessibilitySuppressesImmediately" classname="VectorRush.Tests.ArcadeHudTests" runstate="Runnable" seed="2146967558" result="Passed" start-time="2026-09-17 08:55:06Z" end-time="2026-09-17 08:55:06Z" duration="0.000343" asserts="0">
              <properties>
                <property name="retryIteration" value="0" />
                <property name="repeatIteration" value="0" />
              </properties>
            </test-case>
            <test-case id="1097" name="ChargeFillsCellsFromLeftToRight" fullname="VectorRush.Tests.ArcadeHudTests.ChargeFillsCellsFromLeftToRight" methodname="ChargeFillsCellsFromLeftToRight" classname="VectorRush.Tests.ArcadeHudTests" runstate="Runnable" seed="973628974" result="Passed" start-time="2026-09-17 08:55:06Z" end-time="2026-09-17 08:55:06Z" duration="0.000107" asserts="0">
              <properties>
                <property name="retryIteration" value="0" />
                <property name="repeatIteration" value="0" />
              </properties>
            </test-case>
            <test-suite type="ParameterizedMethod" id="1096" name="FiveCellsRepresentClampedLiveCharge" fullname="VectorRush.Tests.ArcadeHudTests.FiveCellsRepresentClampedLiveCharge" classname="VectorRush.Tests.ArcadeHudTests" runstate="Runnable" testcasecount="7" result="Passed" start-time="2026-09-17 08:55:06Z" end-time="2026-09-17 08:55:06Z" duration="0.000822" total="7" passed="7" failed="0" inconclusive="0" skipped="0" asserts="0">
              <properties />
              <test-case id="1089" name="FiveCellsRepresentClampedLiveCharge(-1.0f,0.0f)" fullname="VectorRush.Tests.ArcadeHudTests.FiveCellsRepresentClampedLiveCharge(-1.0f,0.0f)" methodname="FiveCellsRepresentClampedLiveCharge" classname="VectorRush.Tests.ArcadeHudTests" runstate="Runnable" seed="1507250528" result="Passed" start-time="2026-09-17 08:55:06Z" end-time="2026-09-17 08:55:06Z" duration="0.000110" asserts="0">
                <properties>
                  <property name="retryIteration" value="0" />
                  <property name="repeatIteration" value="0" />
                </properties>
              </test-case>
              <test-case id="1090" name="FiveCellsRepresentClampedLiveCharge(0.0f,0.0f)" fullname="VectorRush.Tests.ArcadeHudTests.FiveCellsRepresentClampedLiveCharge(0.0f,0.0f)" methodname="FiveCellsRepresentClampedLiveCharge" classname="VectorRush.Tests.ArcadeHudTests" runstate="Runnable" seed="578495413" result="Passed" start-time="2026-09-17 08:55:06Z" end-time="2026-09-17 08:55:06Z" duration="0.000023" asserts="0">
                <properties>
                  <property name="retryIteration" value="0" />
                  <property name="repeatIteration" value="0" />
                </properties>
              </test-case>
              <test-case id="1091" name="FiveCellsRepresentClampedLiveCharge(0.1f,0.5f)" fullname="VectorRush.Tests.ArcadeHudTests.FiveCellsRepresentClampedLiveCharge(0.1f,0.5f)" methodname="FiveCellsRepresentClampedLiveCharge" classname="VectorRush.Tests.ArcadeHudTests" runstate="Runnable" seed="482269121" result="Passed" start-time="2026-09-17 08:55:06Z" end-time="2026-09-17 08:55:06Z" duration="0.000026" asserts="0">
                <properties>
                  <property name="retryIteration" value="0" />
                  <property name="repeatIteration" value="0" />
                </properties>
              </test-case>
              <test-case id="1092" name="FiveCellsRepresentClampedLiveCharge(0.2f,1.0f)" fullname="VectorRush.Tests.ArcadeHudTests.FiveCellsRepresentClampedLiveCharge(0.2f,1.0f)" methodname="FiveCellsRepresentClampedLiveCharge" classname="VectorRush.Tests.ArcadeHudTests" runstate="Runnable" seed="633001511" result="Passed" start-time="2026-09-17 08:55:06Z" end-time="2026-09-17 08:55:06Z" duration="0.000024" asserts="0">
                <properties>
                  <property name="retryIteration" value="0" />
                  <property name="repeatIteration" value="0" />
                </properties>
              </test-case>
              <test-case id="1093" name="FiveCellsRepresentClampedLiveCharge(0.5f,2.5f)" fullname="VectorRush.Tests.ArcadeHudTests.FiveCellsRepresentClampedLiveCharge(0.5f,2.5f)" methodname="FiveCellsRepresentClampedLiveCharge" classname="VectorRush.Tests.ArcadeHudTests" runstate="Runnable" seed="1484248422" result="Passed" start-time="2026-09-17 08:55:06Z" end-time="2026-09-17 08:55:06Z" duration="0.000022" asserts="0">
                <properties>
                  <property name="retryIteration" value="0" />
                  <property name="repeatIteration" value="0" />
                </properties>
              </test-case>
              <test-case id="1094" name="FiveCellsRepresentClampedLiveCharge(1.0f,5.0f)" fullname="VectorRush.Tests.ArcadeHudTests.FiveCellsRepresentClampedLiveCharge(1.0f,5.0f)" methodname="FiveCellsRepresentClampedLiveCharge" classname="VectorRush.Tests.ArcadeHudTests" runstate="Runnable" seed="1976670681" result="Passed" start-time="2026-09-17 08:55:06Z" end-time="2026-09-17 08:55:06Z" duration="0.000022" asserts="0">
                <properties>
                  <property name="retryIteration" value="0" />
                  <property name="repeatIteration" value="0" />
                </properties>
              </test-case>
              <test-case id="1095" name="FiveCellsRepresentClampedLiveCharge(2.0f,5.0f)" fullname="VectorRush.Tests.ArcadeHudTests.FiveCellsRepresentClampedLiveCharge(2.0f,5.0f)" methodname="FiveCellsRepresentClampedLiveCharge" classname="VectorRush.Tests.ArcadeHudTests" runstate="Runnable" seed="2146429619" result="Passed" start-time="2026-09-17 08:55:06Z" end-time="2026-09-17 08:55:06Z" duration="0.000021" asserts="0">
                <properties>
                  <property name="retryIteration" value="0" />
                  <property name="repeatIteration" value="0" />
                </properties>
              </test-case>
            </test-suite>
            <test-case id="1085" name="SairaFacesAreBundledAndHaveHudGlyphs" fullname="VectorRush.Tests.ArcadeHudTests.SairaFacesAreBundledAndHaveHudGlyphs" methodname="SairaFacesAreBundledAndHaveHudGlyphs" classname="VectorRush.Tests.ArcadeHudTests" runstate="Runnable" seed="1067755145" result="Passed" start-time="2026-09-17 08:55:06Z" end-time="2026-09-17 08:55:06Z" duration="0.005346" asserts="0">
              <properties>
                <property name="retryIteration" value="0" />
                <property name="repeatIteration" value="0" />
              </properties>
            </test-case>
            <test-case id="1088" name="VibrationIsBoundedAndZeroAtRest" fullname="VectorRush.Tests.ArcadeHudTests.VibrationIsBoundedAndZeroAtRest" methodname="VibrationIsBoundedAndZeroAtRest" classname="VectorRush.Tests.ArcadeHudTests" runstate="Runnable" seed="1464338765" result="Passed" start-time="2026-09-17 08:55:06Z" end-time="2026-09-17 08:55:06Z" duration="0.004898" asserts="0">
              <properties>
                <property name="retryIteration" value="0" />
                <property name="repeatIteration" value="0" />
              </properties>
            </test-case>
          </test-suite>
          <test-suite type="TestFixture" id="1098" name="AtmosphereTests" fullname="VectorRush.Tests.AtmosphereTests" classname="VectorRush.Tests.AtmosphereTests" runstate="Runnable" testcasecount="3" result="Passed" start-time="2026-09-17 08:55:06Z" end-time="2026-09-17 08:55:07Z" duration="0.808810" total="3" passed="3" failed="0" inconclusive="0" skipped="0" asserts="0">
            <properties />
            <test-case id="1101" name="BakedSheltersHaveNoWetTrianglesInTheirInterior" fullname="VectorRush.Tests.AtmosphereTests.BakedSheltersHaveNoWetTrianglesInTheirInterior" methodname="BakedSheltersHaveNoWetTrianglesInTheirInterior" classname="VectorRush.Tests.AtmosphereTests" runstate="Runnable" seed="1226612232" result="Passed" start-time="2026-09-17 08:55:06Z" end-time="2026-09-17 08:55:06Z" duration="0.656653" asserts="0">
              <properties>
                <property name="retryIteration" value="0" />
                <property name="repeatIteration" value="0" />
              </properties>
            </test-case>
            <test-case id="1099" name="CoveredRoadIsDryAndDistantRainFallsQuiet" fullname="VectorRush.Tests.AtmosphereTests.CoveredRoadIsDryAndDistantRainFallsQuiet" methodname="CoveredRoadIsDryAndDistantRainFallsQuiet" classname="VectorRush.Tests.AtmosphereTests" runstate="Runnable" seed="754315588" result="Passed" start-time="2026-09-17 08:55:06Z" end-time="2026-09-17 08:55:06Z" duration="0.000689" asserts="0">
              <properties>
                <property name="retryIteration" value="0" />
                <property name="repeatIteration" value="0" />
              </properties>
            </test-case>
            <test-case id="1100" name="SpatialWetnessDoesNotChangeRoadOrCollisionGeometry" fullname="VectorRush.Tests.AtmosphereTests.SpatialWetnessDoesNotChangeRoadOrCollisionGeometry" methodname="SpatialWetnessDoesNotChangeRoadOrCollisionGeometry" classname="VectorRush.Tests.AtmosphereTests" runstate="Runnable" seed="1957504092" result="Passed" start-time="2026-09-17 08:55:06Z" end-time="2026-09-17 08:55:07Z" duration="0.150392" asserts="0">
              <properties>
                <property name="retryIteration" value="0" />
                <property name="repeatIteration" value="0" />
              </properties>
            </test-case>
          </test-suite>
          <test-suite type="TestFixture" id="1102" name="CityReflectionPersistenceTests" fullname="VectorRush.Tests.CityReflectionPersistenceTests" classname="VectorRush.Tests.CityReflectionPersistenceTests" runstate="Runnable" testcasecount="1" result="Passed" start-time="2026-09-17 08:55:07Z" end-time="2026-09-17 08:55:07Z" duration="0.139614" total="1" passed="1" failed="0" inconclusive="0" skipped="0" asserts="0">
            <properties />
            <test-case id="1103" name="CityCapturePositionsSurviveMaterialSerialization" fullname="VectorRush.Tests.CityReflectionPersistenceTests.CityCapturePositionsSurviveMaterialSerialization" methodname="CityCapturePositionsSurviveMaterialSerialization" classname="VectorRush.Tests.CityReflectionPersistenceTests" runstate="Runnable" seed="1420023335" result="Passed" start-time="2026-09-17 08:55:07Z" end-time="2026-09-17 08:55:07Z" duration="0.137877" asserts="0">
              <properties>
                <property name="retryIteration" value="0" />
                <property name="repeatIteration" value="0" />
              </properties>
            </test-case>
          </test-suite>
          <test-suite type="TestFixture" id="1104" name="EnvironmentStructureTests" fullname="VectorRush.Tests.EnvironmentStructureTests" classname="VectorRush.Tests.EnvironmentStructureTests" runstate="Runnable" testcasecount="2" result="Passed" start-time="2026-09-17 08:55:07Z" end-time="2026-09-17 08:55:07Z" duration="0.175733" total="2" passed="2" failed="0" inconclusive="0" skipped="0" asserts="0">
            <properties />
            <test-case id="1106" name="CandidateHasIsolatedBatchedArtWithoutNewLightsOrColliders" fullname="VectorRush.Tests.EnvironmentStructureTests.CandidateHasIsolatedBatchedArtWithoutNewLightsOrColliders" methodname="CandidateHasIsolatedBatchedArtWithoutNewLightsOrColliders" classname="VectorRush.Tests.EnvironmentStructureTests" runstate="Runnable" seed="1369772280" result="Passed" start-time="2026-09-17 08:55:07Z" end-time="2026-09-17 08:55:07Z" duration="0.174561" asserts="0">
              <properties>
                <property name="retryIteration" value="0" />
                <property name="repeatIteration" value="0" />
              </properties>
            </test-case>
            <test-case id="1105" name="PodiumIntervalsRetainTheMarkedDistrictBridgeOpening" fullname="VectorRush.Tests.EnvironmentStructureTests.PodiumIntervalsRetainTheMarkedDistrictBridgeOpening" methodname="PodiumIntervalsRetainTheMarkedDistrictBridgeOpening" classname="VectorRush.Tests.EnvironmentStructureTests" runstate="Runnable" seed="1293344092" result="Passed" start-time="2026-09-17 08:55:07Z" end-time="2026-09-17 08:55:07Z" duration="0.000293" asserts="0">
              <properties>
                <property name="retryIteration" value="0" />
                <property name="repeatIteration" value="0" />
              </properties>
            </test-case>
          </test-suite>
          <test-suite type="TestFixture" id="1107" name="HoverVehicleInputTests" fullname="VectorRush.Tests.HoverVehicleInputTests" classname="VectorRush.Tests.HoverVehicleInputTests" runstate="Runnable" testcasecount="5" result="Passed" start-time="2026-09-17 08:55:07Z" end-time="2026-09-17 08:55:07Z" duration="0.010531" total="5" passed="5" failed="0" inconclusive="0" skipped="0" asserts="0">
            <properties />
            <test-suite type="ParameterizedMethod" id="1112" name="AnalogThrottleIsReportedIndependentlyOfHighCoastingSpeed" fullname="VectorRush.Tests.HoverVehicleInputTests.AnalogThrottleIsReportedIndependentlyOfHighCoastingSpeed" classname="VectorRush.Tests.HoverVehicleInputTests" runstate="Runnable" testcasecount="2" result="Passed" start-time="2026-09-17 08:55:07Z" end-time="2026-09-17 08:55:07Z" duration="0.003814" total="2" passed="2" failed="0" inconclusive="0" skipped="0" asserts="0">
              <properties />
              <test-case id="1110" name="AnalogThrottleIsReportedIndependentlyOfHighCoastingSpeed(0.25f)" fullname="VectorRush.Tests.HoverVehicleInputTests.AnalogThrottleIsReportedIndependentlyOfHighCoastingSpeed(0.25f)" methodname="AnalogThrottleIsReportedIndependentlyOfHighCoastingSpeed" classname="VectorRush.Tests.HoverVehicleInputTests" runstate="Runnable" seed="1445205242" result="Passed" start-time="2026-09-17 08:55:07Z" end-time="2026-09-17 08:55:07Z" duration="0.002398" asserts="0">
                <properties>
                  <property name="retryIteration" value="0" />
                  <property name="repeatIteration" value="0" />
                </properties>
              </test-case>
              <test-case id="1111" name="AnalogThrottleIsReportedIndependentlyOfHighCoastingSpeed(1.0f)" fullname="VectorRush.Tests.HoverVehicleInputTests.AnalogThrottleIsReportedIndependentlyOfHighCoastingSpeed(1.0f)" methodname="AnalogThrottleIsReportedIndependentlyOfHighCoastingSpeed" classname="VectorRush.Tests.HoverVehicleInputTests" runstate="Runnable" seed="527304375" result="Passed" start-time="2026-09-17 08:55:07Z" end-time="2026-09-17 08:55:07Z" duration="0.001148" asserts="0">
                <properties>
                  <property name="retryIteration" value="0" />
                  <property name="repeatIteration" value="0" />
                </properties>
              </test-case>
            </test-suite>
            <test-case id="1108" name="RecoveryPressedDuringPauseDoesNotExecuteOrSpendBoostAfterResume" fullname="VectorRush.Tests.HoverVehicleInputTests.RecoveryPressedDuringPauseDoesNotExecuteOrSpendBoostAfterResume" methodname="RecoveryPressedDuringPauseDoesNotExecuteOrSpendBoostAfterResume" classname="VectorRush.Tests.HoverVehicleInputTests" runstate="Runnable" seed="2086130391" result="Passed" start-time="2026-09-17 08:55:07Z" end-time="2026-09-17 08:55:07Z" duration="0.001704" asserts="0">
              <properties>
                <property name="retryIteration" value="0" />
                <property name="repeatIteration" value="0" />
              </properties>
            </test-case>
            <test-case id="1109" name="RecoveryPressedWhileRacingStillExecutes" fullname="VectorRush.Tests.HoverVehicleInputTests.RecoveryPressedWhileRacingStillExecutes" methodname="RecoveryPressedWhileRacingStillExecutes" classname="VectorRush.Tests.HoverVehicleInputTests" runstate="Runnable" seed="1592080843" result="Passed" start-time="2026-09-17 08:55:07Z" end-time="2026-09-17 08:55:07Z" duration="0.002297" asserts="0">
              <properties>
                <property name="retryIteration" value="0" />
                <property name="repeatIteration" value="0" />
              </properties>
              <output><![CDATA[VECTOR_RUSH_RECOVERY racer=YOU reason=manual raceTime=0.00 lap=0 from=0.98482 to=0.98482 speedKph=0.0 lateral=-4.00 height=1.55 grounded=True airborneSeconds=0.00 stalledSeconds=0.00 impactAgo=100.20 impactSpeed=0.0 count=1
]]></output>
            </test-case>
            <test-case id="1113" name="ReleasingTriggerReportsZeroThrottleWhileCoastingSpeedRemainsHigh" fullname="VectorRush.Tests.HoverVehicleInputTests.ReleasingTriggerReportsZeroThrottleWhileCoastingSpeedRemainsHigh" methodname="ReleasingTriggerReportsZeroThrottleWhileCoastingSpeedRemainsHigh" classname="VectorRush.Tests.HoverVehicleInputTests" runstate="Runnable" seed="131615515" result="Passed" start-time="2026-09-17 08:55:07Z" end-time="2026-09-17 08:55:07Z" duration="0.001443" asserts="0">
              <properties>
                <property name="retryIteration" value="0" />
                <property name="repeatIteration" value="0" />
              </properties>
            </test-case>
          </test-suite>
          <test-suite type="TestFixture" id="1114" name="IonFlameParticlesTests" fullname="VectorRush.Tests.IonFlameParticlesTests" classname="VectorRush.Tests.IonFlameParticlesTests" runstate="Runnable" testcasecount="5" result="Passed" start-time="2026-09-17 08:55:07Z" end-time="2026-09-17 08:55:07Z" duration="0.018189" total="5" passed="5" failed="0" inconclusive="0" skipped="0" asserts="0">
            <properties />
            <test-case id="1115" name="EmitsParticlesAndResetRemovesPreviousWorldSpaceWake" fullname="VectorRush.Tests.IonFlameParticlesTests.EmitsParticlesAndResetRemovesPreviousWorldSpaceWake" methodname="EmitsParticlesAndResetRemovesPreviousWorldSpaceWake" classname="VectorRush.Tests.IonFlameParticlesTests" runstate="Runnable" seed="1901564994" result="Passed" start-time="2026-09-17 08:55:07Z" end-time="2026-09-17 08:55:07Z" duration="0.015676" asserts="0">
              <properties>
                <property name="retryIteration" value="0" />
                <property name="repeatIteration" value="0" />
              </properties>
            </test-case>
            <test-case id="1117" name="ParticleEmissionDoesNotConsumeGameplayRandomStream" fullname="VectorRush.Tests.IonFlameParticlesTests.ParticleEmissionDoesNotConsumeGameplayRandomStream" methodname="ParticleEmissionDoesNotConsumeGameplayRandomStream" classname="VectorRush.Tests.IonFlameParticlesTests" runstate="Runnable" seed="477904471" result="Passed" start-time="2026-09-17 08:55:07Z" end-time="2026-09-17 08:55:07Z" duration="0.000435" asserts="0">
              <properties>
                <property name="retryIteration" value="0" />
                <property name="repeatIteration" value="0" />
              </properties>
            </test-case>
            <test-case id="1116" name="PauseFreezesEmissionAndResumeContinues" fullname="VectorRush.Tests.IonFlameParticlesTests.PauseFreezesEmissionAndResumeContinues" methodname="PauseFreezesEmissionAndResumeContinues" classname="VectorRush.Tests.IonFlameParticlesTests" runstate="Runnable" seed="1245451276" result="Passed" start-time="2026-09-17 08:55:07Z" end-time="2026-09-17 08:55:07Z" duration="0.000416" asserts="0">
              <properties>
                <property name="retryIteration" value="0" />
                <property name="repeatIteration" value="0" />
              </properties>
            </test-case>
            <test-case id="1119" name="ReleaseAllowsExistingParticlesToExpire" fullname="VectorRush.Tests.IonFlameParticlesTests.ReleaseAllowsExistingParticlesToExpire" methodname="ReleaseAllowsExistingParticlesToExpire" classname="VectorRush.Tests.IonFlameParticlesTests" runstate="Runnable" seed="1655397631" result="Passed" start-time="2026-09-17 08:55:07Z" end-time="2026-09-17 08:55:07Z" duration="0.000439" asserts="0">
              <properties>
                <property name="retryIteration" value="0" />
                <property name="repeatIteration" value="0" />
              </properties>
            </test-case>
            <test-case id="1118" name="TeleportClearsOldWakeEvenWhenThrottleIsReleased" fullname="VectorRush.Tests.IonFlameParticlesTests.TeleportClearsOldWakeEvenWhenThrottleIsReleased" methodname="TeleportClearsOldWakeEvenWhenThrottleIsReleased" classname="VectorRush.Tests.IonFlameParticlesTests" runstate="Runnable" seed="1614904211" result="Passed" start-time="2026-09-17 08:55:07Z" end-time="2026-09-17 08:55:07Z" duration="0.000234" asserts="0">
              <properties>
                <property name="retryIteration" value="0" />
                <property name="repeatIteration" value="0" />
              </properties>
            </test-case>
          </test-suite>
          <test-suite type="TestFixture" id="1120" name="IonJetParticlesTests" fullname="VectorRush.Tests.IonJetParticlesTests" classname="VectorRush.Tests.IonJetParticlesTests" runstate="Runnable" testcasecount="3" result="Passed" start-time="2026-09-17 08:55:07Z" end-time="2026-09-17 08:55:07Z" duration="0.002644" total="3" passed="3" failed="0" inconclusive="0" skipped="0" asserts="0">
            <properties />
            <test-case id="1121" name="EmitsParticlesAndResetRemovesPreviousWorldSpaceWake" fullname="VectorRush.Tests.IonJetParticlesTests.EmitsParticlesAndResetRemovesPreviousWorldSpaceWake" methodname="EmitsParticlesAndResetRemovesPreviousWorldSpaceWake" classname="VectorRush.Tests.IonJetParticlesTests" runstate="Runnable" seed="208590666" result="Passed" start-time="2026-09-17 08:55:07Z" end-time="2026-09-17 08:55:07Z" duration="0.001405" asserts="0">
              <properties>
                <property name="retryIteration" value="0" />
                <property name="repeatIteration" value="0" />
              </properties>
            </test-case>
            <test-case id="1123" name="ParticleEmissionDoesNotConsumeGameplayRandomStream" fullname="VectorRush.Tests.IonJetParticlesTests.ParticleEmissionDoesNotConsumeGameplayRandomStream" methodname="ParticleEmissionDoesNotConsumeGameplayRandomStream" classname="VectorRush.Tests.IonJetParticlesTests" runstate="Runnable" seed="304830859" result="Passed" start-time="2026-09-17 08:55:07Z" end-time="2026-09-17 08:55:07Z" duration="0.000176" asserts="0">
              <properties>
                <property name="retryIteration" value="0" />
                <property name="repeatIteration" value="0" />
              </properties>
            </test-case>
            <test-case id="1122" name="PauseFreezesEmissionAndResumeContinues" fullname="VectorRush.Tests.IonJetParticlesTests.PauseFreezesEmissionAndResumeContinues" methodname="PauseFreezesEmissionAndResumeContinues" classname="VectorRush.Tests.IonJetParticlesTests" runstate="Runnable" seed="1648111069" result="Passed" start-time="2026-09-17 08:55:07Z" end-time="2026-09-17 08:55:07Z" duration="0.000255" asserts="0">
              <properties>
                <property name="retryIteration" value="0" />
                <property name="repeatIteration" value="0" />
              </properties>
            </test-case>
          </test-suite>
          <test-suite type="TestFixture" id="1124" name="MotionVFXContractTests" fullname="VectorRush.Tests.MotionVFXContractTests" classname="VectorRush.Tests.MotionVFXContractTests" runstate="Runnable" testcasecount="8" result="Passed" start-time="2026-09-17 08:55:07Z" end-time="2026-09-17 08:55:07Z" duration="0.002734" total="8" passed="8" failed="0" inconclusive="0" skipped="0" asserts="0">
            <properties />
            <test-case id="1125" name="CameraFovIsBoundedAndBoostAddsAControlledStep" fullname="VectorRush.Tests.MotionVFXContractTests.CameraFovIsBoundedAndBoostAddsAControlledStep" methodname="CameraFovIsBoundedAndBoostAddsAControlledStep" classname="VectorRush.Tests.MotionVFXContractTests" runstate="Runnable" seed="146296586" result="Passed" start-time="2026-09-17 08:55:07Z" end-time="2026-09-17 08:55:07Z" duration="0.000134" asserts="0">
              <properties>
                <property name="retryIteration" value="0" />
                <property name="repeatIteration" value="0" />
              </properties>
            </test-case>
[...]
                  <property name="repeatIteration" value="0" />
                </properties>
              </test-case>
              <test-case id="1310" name="GhostPromptUsesEnabledAvailableAndVisibleState(True,True,True,&quot;GHOST ACTIVE&quot;)" fullname="VectorRush.Tests.Stage2InterfaceTests.GhostPromptUsesEnabledAvailableAndVisibleState(True,True,True,&quot;GHOST ACTIVE&quot;)" methodname="GhostPromptUsesEnabledAvailableAndVisibleState" classname="VectorRush.Tests.Stage2InterfaceTests" runstate="Runnable" seed="317514714" result="Passed" start-time="2026-09-17 08:55:12Z" end-time="2026-09-17 08:55:12Z" duration="0.000021" asserts="0">
                <properties>
                  <property name="retryIteration" value="0" />
                  <property name="repeatIteration" value="0" />
                </properties>
              </test-case>
            </test-suite>
            <test-case id="1328" name="KeyboardSliderAdjustmentClampsAtMaximumWithoutWrappingToMute" fullname="VectorRush.Tests.Stage2InterfaceTests.KeyboardSliderAdjustmentClampsAtMaximumWithoutWrappingToMute" methodname="KeyboardSliderAdjustmentClampsAtMaximumWithoutWrappingToMute" classname="VectorRush.Tests.Stage2InterfaceTests" runstate="Runnable" seed="1631208100" result="Passed" start-time="2026-09-17 08:55:12Z" end-time="2026-09-17 08:55:12Z" duration="0.002474" asserts="0">
              <properties>
                <property name="retryIteration" value="0" />
                <property name="repeatIteration" value="0" />
              </properties>
            </test-case>
            <test-suite type="ParameterizedMethod" id="1324" name="LegacyFilesKeepCustomBindingsAndReceiveComfortDefaults" fullname="VectorRush.Tests.Stage2InterfaceTests.LegacyFilesKeepCustomBindingsAndReceiveComfortDefaults" classname="VectorRush.Tests.Stage2InterfaceTests" runstate="Runnable" testcasecount="2" result="Passed" start-time="2026-09-17 08:55:12Z" end-time="2026-09-17 08:55:12Z" duration="0.002278" total="2" passed="2" failed="0" inconclusive="0" skipped="0" asserts="0">
              <properties />
              <test-case id="1322" name="LegacyFilesKeepCustomBindingsAndReceiveComfortDefaults(1)" fullname="VectorRush.Tests.Stage2InterfaceTests.LegacyFilesKeepCustomBindingsAndReceiveComfortDefaults(1)" methodname="LegacyFilesKeepCustomBindingsAndReceiveComfortDefaults" classname="VectorRush.Tests.Stage2InterfaceTests" runstate="Runnable" seed="1012045520" result="Passed" start-time="2026-09-17 08:55:12Z" end-time="2026-09-17 08:55:12Z" duration="0.001117" asserts="0">
                <properties>
                  <property name="retryIteration" value="0" />
                  <property name="repeatIteration" value="0" />
                </properties>
              </test-case>
              <test-case id="1323" name="LegacyFilesKeepCustomBindingsAndReceiveComfortDefaults(2)" fullname="VectorRush.Tests.Stage2InterfaceTests.LegacyFilesKeepCustomBindingsAndReceiveComfortDefaults(2)" methodname="LegacyFilesKeepCustomBindingsAndReceiveComfortDefaults" classname="VectorRush.Tests.Stage2InterfaceTests" runstate="Runnable" seed="1906471364" result="Passed" start-time="2026-09-17 08:55:12Z" end-time="2026-09-17 08:55:12Z" duration="0.000713" asserts="0">
                <properties>
                  <property name="retryIteration" value="0" />
                  <property name="repeatIteration" value="0" />
                </properties>
              </test-case>
            </test-suite>
            <test-case id="1326" name="PlayerSettingsOwnPauseAndBackReturnsToThePausedRace" fullname="VectorRush.Tests.Stage2InterfaceTests.PlayerSettingsOwnPauseAndBackReturnsToThePausedRace" methodname="PlayerSettingsOwnPauseAndBackReturnsToThePausedRace" classname="VectorRush.Tests.Stage2InterfaceTests" runstate="Runnable" seed="1400424836" result="Passed" start-time="2026-09-17 08:55:12Z" end-time="2026-09-17 08:55:12Z" duration="0.000949" asserts="0">
              <properties>
                <property name="retryIteration" value="0" />
                <property name="repeatIteration" value="0" />
              </properties>
            </test-case>
            <test-suite type="ParameterizedMethod" id="1331" name="RapidPointerDownThenUpAppliesAndSavesReleasePositionWithoutDragEvents" fullname="VectorRush.Tests.Stage2InterfaceTests.RapidPointerDownThenUpAppliesAndSavesReleasePositionWithoutDragEvents" classname="VectorRush.Tests.Stage2InterfaceTests" runstate="Runnable" testcasecount="2" result="Passed" start-time="2026-09-17 08:55:12Z" end-time="2026-09-17 08:55:12Z" duration="0.003315" total="2" passed="2" failed="0" inconclusive="0" skipped="0" asserts="0">
              <properties />
              <test-case id="1329" name="RapidPointerDownThenUpAppliesAndSavesReleasePositionWithoutDragEvents(&quot;master volume&quot;)" fullname="VectorRush.Tests.Stage2InterfaceTests.RapidPointerDownThenUpAppliesAndSavesReleasePositionWithoutDragEvents(&quot;master volume&quot;)" methodname="RapidPointerDownThenUpAppliesAndSavesReleasePositionWithoutDragEvents" classname="VectorRush.Tests.Stage2InterfaceTests" runstate="Runnable" seed="1233515134" result="Passed" start-time="2026-09-17 08:55:12Z" end-time="2026-09-17 08:55:12Z" duration="0.001756" asserts="0">
                <properties>
                  <property name="retryIteration" value="0" />
                  <property name="repeatIteration" value="0" />
                </properties>
              </test-case>
              <test-case id="1330" name="RapidPointerDownThenUpAppliesAndSavesReleasePositionWithoutDragEvents(&quot;music volume&quot;)" fullname="VectorRush.Tests.Stage2InterfaceTests.RapidPointerDownThenUpAppliesAndSavesReleasePositionWithoutDragEvents(&quot;music volume&quot;)" methodname="RapidPointerDownThenUpAppliesAndSavesReleasePositionWithoutDragEvents" classname="VectorRush.Tests.Stage2InterfaceTests" runstate="Runnable" seed="1691848903" result="Passed" start-time="2026-09-17 08:55:12Z" end-time="2026-09-17 08:55:12Z" duration="0.001230" asserts="0">
                <properties>
                  <property name="retryIteration" value="0" />
                  <property name="repeatIteration" value="0" />
                </properties>
              </test-case>
            </test-suite>
            <test-case id="1325" name="ResetKeyboardPreservesSoundAndComfortPreferences" fullname="VectorRush.Tests.Stage2InterfaceTests.ResetKeyboardPreservesSoundAndComfortPreferences" methodname="ResetKeyboardPreservesSoundAndComfortPreferences" classname="VectorRush.Tests.Stage2InterfaceTests" runstate="Runnable" seed="1872839595" result="Passed" start-time="2026-09-17 08:55:12Z" end-time="2026-09-17 08:55:12Z" duration="0.000196" asserts="0">
              <properties>
                <property name="retryIteration" value="0" />
                <property name="repeatIteration" value="0" />
              </properties>
            </test-case>
            <test-case id="1319" name="ResultMessagesDistinguishSaveFailureExcludedAndNoEligibleLap" fullname="VectorRush.Tests.Stage2InterfaceTests.ResultMessagesDistinguishSaveFailureExcludedAndNoEligibleLap" methodname="ResultMessagesDistinguishSaveFailureExcludedAndNoEligibleLap" classname="VectorRush.Tests.Stage2InterfaceTests" runstate="Runnable" seed="230540045" result="Passed" start-time="2026-09-17 08:55:12Z" end-time="2026-09-17 08:55:12Z" duration="0.000160" asserts="0">
              <properties>
                <property name="retryIteration" value="0" />
                <property name="repeatIteration" value="0" />
              </properties>
            </test-case>
            <test-case id="1327" name="SettingsNavigationReachesControlsBindingsAndComfort" fullname="VectorRush.Tests.Stage2InterfaceTests.SettingsNavigationReachesControlsBindingsAndComfort" methodname="SettingsNavigationReachesControlsBindingsAndComfort" classname="VectorRush.Tests.Stage2InterfaceTests" runstate="Runnable" seed="1600491512" result="Passed" start-time="2026-09-17 08:55:12Z" end-time="2026-09-17 08:55:12Z" duration="0.001074" asserts="0">
              <properties>
                <property name="retryIteration" value="0" />
                <property name="repeatIteration" value="0" />
              </properties>
            </test-case>
            <test-suite type="ParameterizedMethod" id="1337" name="StaleGuiReleaseReconcilesWithProcessedInputSnapshotInEitherOrder" fullname="VectorRush.Tests.Stage2InterfaceTests.StaleGuiReleaseReconcilesWithProcessedInputSnapshotInEitherOrder" classname="VectorRush.Tests.Stage2InterfaceTests" runstate="Runnable" testcasecount="4" result="Passed" start-time="2026-09-17 08:55:12Z" end-time="2026-09-17 08:55:12Z" duration="0.006220" total="4" passed="4" failed="0" inconclusive="0" skipped="0" asserts="0">
              <properties />
              <test-case id="1333" name="StaleGuiReleaseReconcilesWithProcessedInputSnapshotInEitherOrder(&quot;master volume&quot;,True)" fullname="VectorRush.Tests.Stage2InterfaceTests.StaleGuiReleaseReconcilesWithProcessedInputSnapshotInEitherOrder(&quot;master volume&quot;,True)" methodname="StaleGuiReleaseReconcilesWithProcessedInputSnapshotInEitherOrder" classname="VectorRush.Tests.Stage2InterfaceTests" runstate="Runnable" seed="539080988" result="Passed" start-time="2026-09-17 08:55:12Z" end-time="2026-09-17 08:55:12Z" duration="0.001870" asserts="0">
                <properties>
                  <property name="retryIteration" value="0" />
                  <property name="repeatIteration" value="0" />
                </properties>
              </test-case>
              <test-case id="1334" name="StaleGuiReleaseReconcilesWithProcessedInputSnapshotInEitherOrder(&quot;master volume&quot;,False)" fullname="VectorRush.Tests.Stage2InterfaceTests.StaleGuiReleaseReconcilesWithProcessedInputSnapshotInEitherOrder(&quot;master volume&quot;,False)" methodname="StaleGuiReleaseReconcilesWithProcessedInputSnapshotInEitherOrder" classname="VectorRush.Tests.Stage2InterfaceTests" runstate="Runnable" seed="460808500" result="Passed" start-time="2026-09-17 08:55:12Z" end-time="2026-09-17 08:55:12Z" duration="0.001243" asserts="0">
                <properties>
                  <property name="retryIteration" value="0" />
                  <property name="repeatIteration" value="0" />
                </properties>
              </test-case>
              <test-case id="1335" name="StaleGuiReleaseReconcilesWithProcessedInputSnapshotInEitherOrder(&quot;music volume&quot;,True)" fullname="VectorRush.Tests.Stage2InterfaceTests.StaleGuiReleaseReconcilesWithProcessedInputSnapshotInEitherOrder(&quot;music volume&quot;,True)" methodname="StaleGuiReleaseReconcilesWithProcessedInputSnapshotInEitherOrder" classname="VectorRush.Tests.Stage2InterfaceTests" runstate="Runnable" seed="393694606" result="Passed" start-time="2026-09-17 08:55:12Z" end-time="2026-09-17 08:55:12Z" duration="0.001264" asserts="0">
                <properties>
                  <property name="retryIteration" value="0" />
                  <property name="repeatIteration" value="0" />
                </properties>
              </test-case>
              <test-case id="1336" name="StaleGuiReleaseReconcilesWithProcessedInputSnapshotInEitherOrder(&quot;music volume&quot;,False)" fullname="VectorRush.Tests.Stage2InterfaceTests.StaleGuiReleaseReconcilesWithProcessedInputSnapshotInEitherOrder(&quot;music volume&quot;,False)" methodname="StaleGuiReleaseReconcilesWithProcessedInputSnapshotInEitherOrder" classname="VectorRush.Tests.Stage2InterfaceTests" runstate="Runnable" seed="1802875858" result="Passed" start-time="2026-09-17 08:55:12Z" end-time="2026-09-17 08:55:12Z" duration="0.001284" asserts="0">
                <properties>
                  <property name="retryIteration" value="0" />
                  <property name="repeatIteration" value="0" />
                </properties>
              </test-case>
            </test-suite>
            <test-case id="1332" name="UncapturedPointerReleaseCannotChangeOrSaveASlider" fullname="VectorRush.Tests.Stage2InterfaceTests.UncapturedPointerReleaseCannotChangeOrSaveASlider" methodname="UncapturedPointerReleaseCannotChangeOrSaveASlider" classname="VectorRush.Tests.Stage2InterfaceTests" runstate="Runnable" seed="178115175" result="Passed" start-time="2026-09-17 08:55:12Z" end-time="2026-09-17 08:55:12Z" duration="0.000867" asserts="0">
              <properties>
                <property name="retryIteration" value="0" />
                <property name="repeatIteration" value="0" />
              </properties>
            </test-case>
          </test-suite>
          <test-suite type="TestFixture" id="1346" name="Stage2LifecycleTests" fullname="VectorRush.Tests.Stage2LifecycleTests" classname="VectorRush.Tests.Stage2LifecycleTests" runstate="Runnable" testcasecount="2" result="Passed" start-time="2026-09-17 08:55:12Z" end-time="2026-09-17 08:55:12Z" duration="0.003541" total="2" passed="2" failed="0" inconclusive="0" skipped="0" asserts="0">
            <properties />
            <test-case id="1348" name="FailedRecordWriteIsExposedWithoutInventingPersonalBestAndClearsOnRetry" fullname="VectorRush.Tests.Stage2LifecycleTests.FailedRecordWriteIsExposedWithoutInventingPersonalBestAndClearsOnRetry" methodname="FailedRecordWriteIsExposedWithoutInventingPersonalBestAndClearsOnRetry" classname="VectorRush.Tests.Stage2LifecycleTests" runstate="Runnable" seed="1463842439" result="Passed" start-time="2026-09-17 08:55:12Z" end-time="2026-09-17 08:55:12Z" duration="0.001531" asserts="0">
              <properties>
                <property name="retryIteration" value="0" />
                <property name="repeatIteration" value="0" />
              </properties>
              <output><![CDATA[Could not save personal best: The file '/var/folders/yx/hf7ht73550q2156rvymtwnrr0000gn/T/vr-record-failure-ed6cca1ba68942f6bf7594f69c19a9cd/blocked' already exists.
]]></output>
            </test-case>
            <test-case id="1347" name="ReturningFromPausedResultsStopsPendingRivalsAndAllowsFreshRace" fullname="VectorRush.Tests.Stage2LifecycleTests.ReturningFromPausedResultsStopsPendingRivalsAndAllowsFreshRace" methodname="ReturningFromPausedResultsStopsPendingRivalsAndAllowsFreshRace" classname="VectorRush.Tests.Stage2LifecycleTests" runstate="Runnable" seed="148978231" result="Passed" start-time="2026-09-17 08:55:12Z" end-time="2026-09-17 08:55:12Z" duration="0.001493" asserts="0">
              <properties>
                <property name="retryIteration" value="0" />
                <property name="repeatIteration" value="0" />
              </properties>
            </test-case>
          </test-suite>
          <test-suite type="TestFixture" id="1349" name="UndergroundGalleryFinishTests" fullname="VectorRush.Tests.UndergroundGalleryFinishTests" classname="VectorRush.Tests.UndergroundGalleryFinishTests" runstate="Runnable" testcasecount="2" result="Passed" start-time="2026-09-17 08:55:12Z" end-time="2026-09-17 08:55:12Z" duration="0.177672" total="2" passed="2" failed="0" inconclusive="0" skipped="0" asserts="0">
            <properties />
            <test-case id="1350" name="FinishedScenePreservesPublishedDrivingMeshesAndBaseline" fullname="VectorRush.Tests.UndergroundGalleryFinishTests.FinishedScenePreservesPublishedDrivingMeshesAndBaseline" methodname="FinishedScenePreservesPublishedDrivingMeshesAndBaseline" classname="VectorRush.Tests.UndergroundGalleryFinishTests" runstate="Runnable" seed="1163405518" result="Passed" start-time="2026-09-17 08:55:12Z" end-time="2026-09-17 08:55:12Z" duration="0.157053" asserts="0">
              <properties>
                <property name="retryIteration" value="0" />
                <property name="repeatIteration" value="0" />
              </properties>
            </test-case>
            <test-case id="1351" name="SavedFinishGeometryLeavesDrivingCorridorOpen" fullname="VectorRush.Tests.UndergroundGalleryFinishTests.SavedFinishGeometryLeavesDrivingCorridorOpen" methodname="SavedFinishGeometryLeavesDrivingCorridorOpen" classname="VectorRush.Tests.UndergroundGalleryFinishTests" runstate="Runnable" seed="598213913" result="Passed" start-time="2026-09-17 08:55:12Z" end-time="2026-09-17 08:55:12Z" duration="0.020133" asserts="0">
              <properties>
                <property name="retryIteration" value="0" />
                <property name="repeatIteration" value="0" />
              </properties>
            </test-case>
          </test-suite>
          <test-suite type="TestFixture" id="1352" name="UndergroundGalleryTests" fullname="VectorRush.Tests.UndergroundGalleryTests" classname="VectorRush.Tests.UndergroundGalleryTests" runstate="Runnable" testcasecount="4" result="Passed" start-time="2026-09-17 08:55:12Z" end-time="2026-09-17 08:55:12Z" duration="0.146431" total="4" passed="4" failed="0" inconclusive="0" skipped="0" asserts="0">
            <properties />
            <test-case id="1355" name="ArcLengthClosestPointAndProfileBoundaryFramesAreContinuous" fullname="VectorRush.Tests.UndergroundGalleryTests.ArcLengthClosestPointAndProfileBoundaryFramesAreContinuous" methodname="ArcLengthClosestPointAndProfileBoundaryFramesAreContinuous" classname="VectorRush.Tests.UndergroundGalleryTests" runstate="Runnable" seed="1311862879" result="Passed" start-time="2026-09-17 08:55:12Z" end-time="2026-09-17 08:55:12Z" duration="0.070811" asserts="0">
              <properties>
                <property name="retryIteration" value="0" />
                <property name="repeatIteration" value="0" />
              </properties>
            </test-case>
            <test-case id="1354" name="DescentChangesElevationNotHorizontalLayoutAndHasBoundedGrade" fullname="VectorRush.Tests.UndergroundGalleryTests.DescentChangesElevationNotHorizontalLayoutAndHasBoundedGrade" methodname="DescentChangesElevationNotHorizontalLayoutAndHasBoundedGrade" classname="VectorRush.Tests.UndergroundGalleryTests" runstate="Runnable" seed="328416199" result="Passed" start-time="2026-09-17 08:55:12Z" end-time="2026-09-17 08:55:12Z" duration="0.031671" asserts="0">
              <properties>
                <property name="retryIteration" value="0" />
                <property name="repeatIteration" value="0" />
              </properties>
            </test-case>
            <test-case id="1353" name="ProfileIsOptInAndRestoresExactHistoricalCourse" fullname="VectorRush.Tests.UndergroundGalleryTests.ProfileIsOptInAndRestoresExactHistoricalCourse" methodname="ProfileIsOptInAndRestoresExactHistoricalCourse" classname="VectorRush.Tests.UndergroundGalleryTests" runstate="Runnable" seed="2046710879" result="Passed" start-time="2026-09-17 08:55:12Z" end-time="2026-09-17 08:55:12Z" duration="0.023506" asserts="0">
              <properties>
                <property name="retryIteration" value="0" />
                <property name="repeatIteration" value="0" />
              </properties>
            </test-case>
            <test-case id="1356" name="SavedCandidateOwnsItsRoadMeshesAndCourseIdentity" fullname="VectorRush.Tests.UndergroundGalleryTests.SavedCandidateOwnsItsRoadMeshesAndCourseIdentity" methodname="SavedCandidateOwnsItsRoadMeshesAndCourseIdentity" classname="VectorRush.Tests.UndergroundGalleryTests" runstate="Runnable" seed="1668863767" result="Passed" start-time="2026-09-17 08:55:12Z" end-time="2026-09-17 08:55:12Z" duration="0.019114" asserts="0">
              <properties>
                <property name="retryIteration" value="0" />
                <property name="repeatIteration" value="0" />
              </properties>
              <output><![CDATA[Saving results to: /Users/anping.wang/Library/Application Support/Vector Studio/Vector Rush/TestResults.xml
]]></output>
            </test-case>
          </test-suite>
        </test-suite>
      </test-suite>
    </test-suite>
  </test-suite>
</test-run>