<?xml version="1.0" encoding="utf-8"?>
<test-run id="2" testcasecount="10" result="Passed" total="10" passed="10" failed="0" inconclusive="0" skipped="0" asserts="0" engine-version="3.5.0.0" clr-version="4.0.30319.42000" start-time="2026-09-09 10:05:34Z" end-time="2026-09-09 10:05:38Z" duration="4.4447848">
  <test-suite type="TestSuite" id="1000" name="Vector Rush" fullname="Vector Rush" runstate="Runnable" testcasecount="65" result="Passed" start-time="2026-09-09 10:05:34Z" end-time="2026-09-09 10:05:38Z" duration="4.444785" total="10" passed="10" failed="0" inconclusive="0" skipped="0" asserts="0">
    <properties>
      <property name="platform" value="EditMode" />
    </properties>
    <test-suite type="Assembly" id="1084" name="VectorRush.EditorTests.dll" fullname="/Users/anping/Documents/Stuff/AI Space/Vector Rush/UnityProject/Library/ScriptAssemblies/VectorRush.EditorTests.dll" runstate="Runnable" testcasecount="65" result="Passed" start-time="2026-09-09 10:05:34Z" end-time="2026-09-09 10:05:38Z" duration="4.440126" total="10" passed="10" failed="0" inconclusive="0" skipped="0" asserts="0">
      <properties>
        <property name="_PID" value="35630" />
        <property name="_APPDOMAIN" value="Unity Child Domain" />
        <property name="platform" value="EditMode" />
        <property name="EditorOnly" value="True" />
      </properties>
      <test-suite type="TestSuite" id="1085" name="VectorRush" fullname="VectorRush" runstate="Runnable" testcasecount="65" result="Passed" start-time="2026-09-09 10:05:34Z" end-time="2026-09-09 10:05:38Z" duration="4.439627" total="10" passed="10" failed="0" inconclusive="0" skipped="0" asserts="0">
        <properties />
        <test-suite type="TestSuite" id="1086" name="Tests" fullname="VectorRush.Tests" runstate="Runnable" testcasecount="65" result="Passed" start-time="2026-09-09 10:05:34Z" end-time="2026-09-09 10:05:38Z" duration="4.439126" total="10" passed="10" failed="0" inconclusive="0" skipped="0" asserts="0">
          <properties />
          <test-suite type="TestFixture" id="1022" name="ProductionArtImporterTests" fullname="VectorRush.Tests.ProductionArtImporterTests" classname="VectorRush.Tests.ProductionArtImporterTests" runstate="Runnable" testcasecount="10" result="Passed" start-time="2026-09-09 10:05:34Z" end-time="2026-09-09 10:05:38Z" duration="4.437524" total="10" passed="10" failed="0" inconclusive="0" skipped="0" asserts="0">
            <properties />
            <test-case id="1024" name="CompleteImmutablePackageValidatesBeforeImport" fullname="VectorRush.Tests.ProductionArtImporterTests.CompleteImmutablePackageValidatesBeforeImport" methodname="CompleteImmutablePackageValidatesBeforeImport" classname="VectorRush.Tests.ProductionArtImporterTests" runstate="Runnable" seed="1062855830" result="Passed" start-time="2026-09-09 10:05:34Z" end-time="2026-09-09 10:05:34Z" duration="0.170670" asserts="0">
              <properties>
                <property name="retryIteration" value="0" />
                <property name="repeatIteration" value="0" />
              </properties>
            </test-case>
            <test-case id="1025" name="ContractNestedTrackProfilePointsAreAcceptedAndFlattened" fullname="VectorRush.Tests.ProductionArtImporterTests.ContractNestedTrackProfilePointsAreAcceptedAndFlattened" methodname="ContractNestedTrackProfilePointsAreAcceptedAndFlattened" classname="VectorRush.Tests.ProductionArtImporterTests" runstate="Runnable" seed="271077027" result="Passed" start-time="2026-09-09 10:05:34Z" end-time="2026-09-09 10:05:34Z" duration="0.051378" asserts="0">
              <properties>
                <property name="retryIteration" value="0" />
                <property name="repeatIteration" value="0" />
              </properties>
            </test-case>
            <test-case id="1032" name="DiagnosticSceneSurvivesReopenWithPersistentProductionReferences" fullname="VectorRush.Tests.ProductionArtImporterTests.DiagnosticSceneSurvivesReopenWithPersistentProductionReferences" methodname="DiagnosticSceneSurvivesReopenWithPersistentProductionReferences" classname="VectorRush.Tests.ProductionArtImporterTests" runstate="Runnable" seed="147439656" result="Passed" start-time="2026-09-09 10:05:34Z" end-time="2026-09-09 10:05:36Z" duration="2.356611" asserts="0">
              <properties>
                <property name="retryIteration" value="0" />
                <property name="repeatIteration" value="0" />
              </properties>
              <output><![CDATA[File 'Diagnostic_LOD1' has inconsistent LOD naming (_LOD1 found but no _LOD0).
File 'Diagnostic_LOD1' has inconsistent LOD naming (_LOD1 found but no _LOD0).
]]></output>
            </test-case>
            <test-case id="1027" name="DuplicateMaterialIdIsRejected" fullname="VectorRush.Tests.ProductionArtImporterTests.DuplicateMaterialIdIsRejected" methodname="DuplicateMaterialIdIsRejected" classname="VectorRush.Tests.ProductionArtImporterTests" runstate="Runnable" seed="979002971" result="Passed" start-time="2026-09-09 10:05:36Z" end-time="2026-09-09 10:05:36Z" duration="0.050453" asserts="0">
              <properties>
                <property name="retryIteration" value="0" />
                <property name="repeatIteration" value="0" />
              </properties>
            </test-case>
            <test-case id="1031" name="ImportCopiesImmutablePayloadAndCreatesPersistentConfiguredAssets" fullname="VectorRush.Tests.ProductionArtImporterTests.ImportCopiesImmutablePayloadAndCreatesPersistentConfiguredAssets" methodname="ImportCopiesImmutablePayloadAndCreatesPersistentConfiguredAssets" classname="VectorRush.Tests.ProductionArtImporterTests" runstate="Runnable" seed="1672822391" result="Passed" start-time="2026-09-09 10:05:36Z" end-time="2026-09-09 10:05:38Z" duration="1.322882" asserts="0">
              <properties>
                <property name="retryIteration" value="0" />
                <property name="repeatIteration" value="0" />
              </properties>
              <output><![CDATA[File 'Diagnostic_LOD1' has inconsistent LOD naming (_LOD1 found but no _LOD0).
File 'Diagnostic_LOD1' has inconsistent LOD naming (_LOD1 found but no _LOD0).
]]></output>
            </test-case>
            <test-case id="1023" name="ImporterAndJsonContractsAreAvailableToTheEditor" fullname="VectorRush.Tests.ProductionArtImporterTests.ImporterAndJsonContractsAreAvailableToTheEditor" methodname="ImporterAndJsonContractsAreAvailableToTheEditor" classname="VectorRush.Tests.ProductionArtImporterTests" runstate="Runnable" seed="2051362155" result="Passed" start-time="2026-09-09 10:05:38Z" end-time="2026-09-09 10:05:38Z" duration="0.043577" asserts="0">
              <properties>
                <property name="retryIteration" value="0" />
                <property name="repeatIteration" value="0" />
              </properties>
            </test-case>
            <test-case id="1030" name="InvalidPackageDoesNotMutateExistingImportDestinations" fullname="VectorRush.Tests.ProductionArtImporterTests.InvalidPackageDoesNotMutateExistingImportDestinations" methodname="InvalidPackageDoesNotMutateExistingImportDestinations" classname="VectorRush.Tests.ProductionArtImporterTests" runstate="Runnable" seed="303355978" result="Passed" start-time="2026-09-09 10:05:38Z" end-time="2026-09-09 10:05:38Z" duration="0.291276" asserts="0">
              <properties>
                <property name="retryIteration" value="0" />
                <property name="repeatIteration" value="0" />
              </properties>
            </test-case>
            <test-case id="1028" name="NonUnitPlacementScaleIsRejected" fullname="VectorRush.Tests.ProductionArtImporterTests.NonUnitPlacementScaleIsRejected" methodname="NonUnitPlacementScaleIsRejected" classname="VectorRush.Tests.ProductionArtImporterTests" runstate="Runnable" seed="2028183764" result="Passed" start-time="2026-09-09 10:05:38Z" end-time="2026-09-09 10:05:38Z" duration="0.045174" asserts="0">
              <properties>
                <property name="retryIteration" value="0" />
                <property name="repeatIteration" value="0" />
              </properties>
            </test-case>
            <test-case id="1029" name="PayloadMutationAfterReadyIsRejectedByChecksum" fullname="VectorRush.Tests.ProductionArtImporterTests.PayloadMutationAfterReadyIsRejectedByChecksum" methodname="PayloadMutationAfterReadyIsRejectedByChecksum" classname="VectorRush.Tests.ProductionArtImporterTests" runstate="Runnable" seed="1589482163" result="Passed" start-time="2026-09-09 10:05:38Z" end-time="2026-09-09 10:05:38Z" duration="0.048197" asserts="0">
              <properties>
                <property name="retryIteration" value="0" />
                <property name="repeatIteration" value="0" />
              </properties>
            </test-case>
            <test-case id="1026" name="TraversalPathIsRejectedEvenWhenTheEscapedFileExists" fullname="VectorRush.Tests.ProductionArtImporterTests.TraversalPathIsRejectedEvenWhenTheEscapedFileExists" methodname="TraversalPathIsRejectedEvenWhenTheEscapedFileExists" classname="VectorRush.Tests.ProductionArtImporterTests" runstate="Runnable" seed="515195986" result="Passed" start-time="2026-09-09 10:05:38Z" end-time="2026-09-09 10:05:38Z" duration="0.047604" asserts="0">
              <properties>
                <property name="retryIteration" value="0" />
                <property name="repeatIteration" value="0" />
              </properties>
              <output><![CDATA[Saving results to: /Users/anping/Library/Application Support/Vector Studio/Vector Rush/TestResults.xml
]]></output>
            </test-case>
          </test-suite>
        </test-suite>
      </test-suite>
    </test-suite>
  </test-suite>
</test-run>